0 info it worked if it ends with ok
1 verbose cli [
1 verbose cli   '/usr/local/bin/node',
1 verbose cli   '/usr/local/bin/npm',
1 verbose cli   'install',
1 verbose cli   '--ignore-scripts',
1 verbose cli   '@types/express@ts3.6',
1 verbose cli   '@types/accepts@ts3.6',
1 verbose cli   '@types/body-parser@ts3.6',
1 verbose cli   '@types/bytes@ts3.6',
1 verbose cli   '@types/call-bind@ts3.6',
1 verbose cli   '@types/content-disposition@ts3.6',
1 verbose cli   '@types/content-type@ts3.6',
1 verbose cli   '@types/cookie@ts3.6',
1 verbose cli   '@types/cookie-signature@ts3.6',
1 verbose cli   '@types/debug@ts3.6',
1 verbose cli   '@types/depd@ts3.6',
1 verbose cli   '@types/destroy@ts3.6',
1 verbose cli   '@types/ee-first@ts3.6',
1 verbose cli   '@types/encodeurl@ts3.6',
1 verbose cli   '@types/escape-html@ts3.6',
1 verbose cli   '@types/etag@ts3.6',
1 verbose cli   '@types/finalhandler@ts3.6',
1 verbose cli   '@types/forwarded@ts3.6',
1 verbose cli   '@types/fresh@ts3.6',
1 verbose cli   '@types/function-bind@ts3.6',
1 verbose cli   '@types/get-intrinsic@ts3.6',
1 verbose cli   '@types/has@ts3.6',
1 verbose cli   '@types/has-symbols@ts3.6',
1 verbose cli   '@types/http-errors@ts3.6',
1 verbose cli   '@types/inherits@ts3.6',
1 verbose cli   '@types/media-typer@ts3.6',
1 verbose cli   '@types/merge-descriptors@ts3.6',
1 verbose cli   '@types/methods@ts3.6',
1 verbose cli   '@types/mime@ts3.6',
1 verbose cli   '@types/mime-db@ts3.6',
1 verbose cli   '@types/mime-types@ts3.6',
1 verbose cli   '@types/ms@ts3.6',
1 verbose cli   '@types/negotiator@ts3.6',
1 verbose cli   '@types/object-inspect@ts3.6',
1 verbose cli   '@types/on-finished@ts3.6',
1 verbose cli   '@types/parseurl@ts3.6',
1 verbose cli   '@types/proxy-addr@ts3.6',
1 verbose cli   '@types/qs@ts3.6',
1 verbose cli   '@types/range-parser@ts3.6',
1 verbose cli   '@types/safer-buffer@ts3.6',
1 verbose cli   '@types/send@ts3.6',
1 verbose cli   '@types/serve-static@ts3.6',
1 verbose cli   '@types/statuses@ts3.6',
1 verbose cli   '@types/toidentifier@ts3.6',
1 verbose cli   '@types/type-is@ts3.6',
1 verbose cli   '@types/utils-merge@ts3.6',
1 verbose cli   '@types/vary@ts3.6',
1 verbose cli   '--save-dev',
1 verbose cli   '--user-agent=typesInstaller/3.6.3'
1 verbose cli ]
2 info using npm@6.14.6
3 info using node@v12.18.3
4 verbose npm-session 7ca7d46a026fb222
5 silly install loadCurrentTree
6 silly install readLocalPackageData
7 http fetch GET 304 https://registry.npmjs.org/@types%2faccepts 740ms (from cache)
8 http fetch GET 304 https://registry.npmjs.org/@types%2fbody-parser 740ms (from cache)
9 http fetch GET 304 https://registry.npmjs.org/@types%2fcookie 715ms (from cache)
10 http fetch GET 304 https://registry.npmjs.org/@types%2fdebug 711ms (from cache)
11 http fetch GET 304 https://registry.npmjs.org/@types%2fexpress 772ms (from cache)
12 silly pacote tag manifest for @types/body-parser@ts3.6 fetched in 773ms
13 silly pacote tag manifest for @types/accepts@ts3.6 fetched in 780ms
14 silly pacote tag manifest for @types/debug@ts3.6 fetched in 769ms
15 silly pacote tag manifest for @types/cookie@ts3.6 fetched in 778ms
16 silly pacote tag manifest for @types/express@ts3.6 fetched in 850ms
17 http fetch GET 304 https://registry.npmjs.org/@types%2fcookie-signature 857ms (from cache)
18 http fetch GET 304 https://registry.npmjs.org/@types%2fcontent-disposition 871ms (from cache)
19 silly pacote tag manifest for @types/cookie-signature@ts3.6 fetched in 866ms
20 silly pacote tag manifest for @types/content-disposition@ts3.6 fetched in 881ms
21 http fetch GET 200 https://registry.npmjs.org/@types%2fcall-bind 941ms
22 silly fetchPackageMetaData error for @types/call-bind@ts3.6 No matching version found for @types/call-bind@ts3.6.
23 http fetch GET 304 https://registry.npmjs.org/@types%2ffinalhandler 96ms (from cache)
24 silly pacote tag manifest for @types/finalhandler@ts3.6 fetched in 105ms
25 http fetch GET 304 https://registry.npmjs.org/@types%2fcontent-type 998ms (from cache)
26 silly pacote tag manifest for @types/content-type@ts3.6 fetched in 1003ms
27 http fetch GET 304 https://registry.npmjs.org/@types%2fdepd 322ms (from cache)
28 silly pacote tag manifest for @types/depd@ts3.6 fetched in 328ms
29 http fetch GET 304 https://registry.npmjs.org/@types%2fbytes 1264ms (from cache)
30 silly pacote tag manifest for @types/bytes@ts3.6 fetched in 1274ms
31 http fetch GET 304 https://registry.npmjs.org/@types%2ffresh 275ms (from cache)
32 silly pacote tag manifest for @types/fresh@ts3.6 fetched in 280ms
33 http fetch GET 304 https://registry.npmjs.org/@types%2fencodeurl 533ms (from cache)
34 silly pacote tag manifest for @types/encodeurl@ts3.6 fetched in 540ms
35 http fetch GET 304 https://registry.npmjs.org/@types%2fescape-html 560ms (from cache)
36 silly pacote tag manifest for @types/escape-html@ts3.6 fetched in 570ms
37 http fetch GET 304 https://registry.npmjs.org/@types%2fee-first 593ms (from cache)
38 silly pacote tag manifest for @types/ee-first@ts3.6 fetched in 604ms
39 http fetch GET 304 https://registry.npmjs.org/@types%2fetag 539ms (from cache)
40 silly pacote tag manifest for @types/etag@ts3.6 fetched in 545ms
41 http fetch GET 304 https://registry.npmjs.org/@types%2fhttp-errors 101ms (from cache)
42 silly pacote tag manifest for @types/http-errors@ts3.6 fetched in 110ms
43 http fetch GET 304 https://registry.npmjs.org/@types%2fmedia-typer 89ms (from cache)
44 silly pacote tag manifest for @types/media-typer@ts3.6 fetched in 94ms
45 http fetch GET 304 https://registry.npmjs.org/@types%2fmethods 69ms (from cache)
46 silly pacote tag manifest for @types/methods@ts3.6 fetched in 73ms
47 http fetch GET 304 https://registry.npmjs.org/@types%2fdestroy 794ms (from cache)
48 http fetch GET 304 https://registry.npmjs.org/@types%2fmime 81ms (from cache)
49 silly pacote tag manifest for @types/destroy@ts3.6 fetched in 824ms
50 silly pacote tag manifest for @types/mime@ts3.6 fetched in 109ms
51 http fetch GET 200 https://registry.npmjs.org/@types%2fget-intrinsic 532ms
52 silly fetchPackageMetaData error for @types/get-intrinsic@ts3.6 No matching version found for @types/get-intrinsic@ts3.6.
53 http fetch GET 304 https://registry.npmjs.org/@types%2fmime-types 99ms (from cache)
54 silly pacote tag manifest for @types/mime-types@ts3.6 fetched in 117ms
55 http fetch GET 200 https://registry.npmjs.org/@types%2ffunction-bind 770ms
56 http fetch GET 304 https://registry.npmjs.org/@types%2fforwarded 846ms (from cache)
57 http fetch GET 304 https://registry.npmjs.org/@types%2fms 195ms (from cache)
58 http fetch GET 200 https://registry.npmjs.org/@types%2fhas 555ms
59 silly pacote tag manifest for @types/forwarded@ts3.6 fetched in 877ms
60 silly pacote tag manifest for @types/ms@ts3.6 fetched in 227ms
61 http fetch GET 304 https://registry.npmjs.org/@types%2finherits 501ms (from cache)
62 silly pacote tag manifest for @types/inherits@ts3.6 fetched in 504ms
63 http fetch GET 200 https://registry.npmjs.org/@types/function-bind/-/function-bind-1.1.6.tgz 208ms
64 http fetch GET 200 https://registry.npmjs.org/@types%2fhas-symbols 748ms
65 http fetch GET 304 https://registry.npmjs.org/@types%2fmime-db 520ms (from cache)
66 silly pacote tag manifest for @types/function-bind@ts3.6 fetched in 1028ms
67 silly pacote tag manifest for @types/mime-db@ts3.6 fetched in 527ms
68 http fetch GET 304 https://registry.npmjs.org/@types%2frange-parser 103ms (from cache)
69 http fetch GET 304 https://registry.npmjs.org/@types%2fqs 111ms (from cache)
70 silly pacote tag manifest for @types/range-parser@ts3.6 fetched in 111ms
71 silly pacote tag manifest for @types/qs@ts3.6 fetched in 125ms
72 http fetch GET 304 https://registry.npmjs.org/@types%2fmerge-descriptors 762ms (from cache)
73 silly pacote tag manifest for @types/merge-descriptors@ts3.6 fetched in 767ms
74 http fetch GET 200 https://registry.npmjs.org/@types/has/-/has-1.0.0.tgz 400ms
75 silly pacote tag manifest for @types/has@ts3.6 fetched in 984ms
76 http fetch GET 304 https://registry.npmjs.org/@types%2fsend 101ms (from cache)
77 silly pacote tag manifest for @types/send@ts3.6 fetched in 114ms
78 http fetch GET 304 https://registry.npmjs.org/@types%2fserve-static 116ms (from cache)
79 silly pacote tag manifest for @types/serve-static@ts3.6 fetched in 122ms
80 http fetch GET 304 https://registry.npmjs.org/@types%2fparseurl 529ms (from cache)
81 http fetch GET 304 https://registry.npmjs.org/@types%2fnegotiator 731ms (from cache)
82 silly pacote tag manifest for @types/parseurl@ts3.6 fetched in 539ms
83 silly pacote tag manifest for @types/negotiator@ts3.6 fetched in 740ms
84 http fetch GET 304 https://registry.npmjs.org/@types%2fproxy-addr 502ms (from cache)
85 silly pacote tag manifest for @types/proxy-addr@ts3.6 fetched in 507ms
86 http fetch GET 200 https://registry.npmjs.org/@types/has-symbols/-/has-symbols-1.0.0.tgz 396ms
87 silly pacote tag manifest for @types/has-symbols@ts3.6 fetched in 1163ms
88 http fetch GET 200 https://registry.npmjs.org/@types%2fobject-inspect 724ms
89 http fetch GET 304 https://registry.npmjs.org/@types%2fon-finished 729ms (from cache)
90 silly pacote tag manifest for @types/on-finished@ts3.6 fetched in 735ms
91 http fetch GET 200 https://registry.npmjs.org/@types/object-inspect/-/object-inspect-1.8.1.tgz 177ms
92 http fetch GET 304 https://registry.npmjs.org/@types%2futils-merge 259ms (from cache)
93 silly pacote tag manifest for @types/object-inspect@ts3.6 fetched in 917ms
94 silly pacote tag manifest for @types/utils-merge@ts3.6 fetched in 266ms
95 http fetch GET 304 https://registry.npmjs.org/@types%2fsafer-buffer 489ms (from cache)
96 silly pacote tag manifest for @types/safer-buffer@ts3.6 fetched in 495ms
97 http fetch GET 304 https://registry.npmjs.org/@types%2fstatuses 510ms (from cache)
98 silly pacote tag manifest for @types/statuses@ts3.6 fetched in 519ms
99 http fetch GET 304 https://registry.npmjs.org/@types%2fvary 508ms (from cache)
100 silly pacote tag manifest for @types/vary@ts3.6 fetched in 520ms
101 http fetch GET 200 https://registry.npmjs.org/@types%2ftoidentifier 802ms
102 silly fetchPackageMetaData error for @types/toidentifier@ts3.6 No matching version found for @types/toidentifier@ts3.6.
103 http fetch GET 304 https://registry.npmjs.org/@types%2ftype-is 783ms (from cache)
104 silly pacote tag manifest for @types/type-is@ts3.6 fetched in 794ms
105 timing stage:rollbackFailedOptional Completed in 2ms
106 timing stage:runTopLevelLifecycles Completed in 3377ms
107 verbose type tag
108 verbose stack @types/call-bind: No matching version found for @types/call-bind@ts3.6.
108 verbose stack     at pickManifest (/usr/local/lib/node_modules/npm/node_modules/npm-pick-manifest/index.js:122:13)
108 verbose stack     at /usr/local/lib/node_modules/npm/node_modules/pacote/lib/fetchers/registry/manifest.js:24:14
108 verbose stack     at tryCatcher (/usr/local/lib/node_modules/npm/node_modules/bluebird/js/release/util.js:16:23)
108 verbose stack     at Promise._settlePromiseFromHandler (/usr/local/lib/node_modules/npm/node_modules/bluebird/js/release/promise.js:517:31)
108 verbose stack     at Promise._settlePromise (/usr/local/lib/node_modules/npm/node_modules/bluebird/js/release/promise.js:574:18)
108 verbose stack     at Promise._settlePromise0 (/usr/local/lib/node_modules/npm/node_modules/bluebird/js/release/promise.js:619:10)
108 verbose stack     at Promise._settlePromises (/usr/local/lib/node_modules/npm/node_modules/bluebird/js/release/promise.js:699:18)
108 verbose stack     at _drainQueueStep (/usr/local/lib/node_modules/npm/node_modules/bluebird/js/release/async.js:138:12)
108 verbose stack     at _drainQueue (/usr/local/lib/node_modules/npm/node_modules/bluebird/js/release/async.js:131:9)
108 verbose stack     at Async._drainQueues (/usr/local/lib/node_modules/npm/node_modules/bluebird/js/release/async.js:147:5)
108 verbose stack     at Immediate.Async.drainQueues [as _onImmediate] (/usr/local/lib/node_modules/npm/node_modules/bluebird/js/release/async.js:17:14)
108 verbose stack     at processImmediate (internal/timers.js:456:21)
109 verbose cwd /home/theia/.cache/typescript/3.6
110 verbose Linux 6.4.16-linuxkit
111 verbose argv "/usr/local/bin/node" "/usr/local/bin/npm" "install" "--ignore-scripts" "@types/express@ts3.6" "@types/accepts@ts3.6" "@types/body-parser@ts3.6" "@types/bytes@ts3.6" "@types/call-bind@ts3.6" "@types/content-disposition@ts3.6" "@types/content-type@ts3.6" "@types/cookie@ts3.6" "@types/cookie-signature@ts3.6" "@types/debug@ts3.6" "@types/depd@ts3.6" "@types/destroy@ts3.6" "@types/ee-first@ts3.6" "@types/encodeurl@ts3.6" "@types/escape-html@ts3.6" "@types/etag@ts3.6" "@types/finalhandler@ts3.6" "@types/forwarded@ts3.6" "@types/fresh@ts3.6" "@types/function-bind@ts3.6" "@types/get-intrinsic@ts3.6" "@types/has@ts3.6" "@types/has-symbols@ts3.6" "@types/http-errors@ts3.6" "@types/inherits@ts3.6" "@types/media-typer@ts3.6" "@types/merge-descriptors@ts3.6" "@types/methods@ts3.6" "@types/mime@ts3.6" "@types/mime-db@ts3.6" "@types/mime-types@ts3.6" "@types/ms@ts3.6" "@types/negotiator@ts3.6" "@types/object-inspect@ts3.6" "@types/on-finished@ts3.6" "@types/parseurl@ts3.6" "@types/proxy-addr@ts3.6" "@types/qs@ts3.6" "@types/range-parser@ts3.6" "@types/safer-buffer@ts3.6" "@types/send@ts3.6" "@types/serve-static@ts3.6" "@types/statuses@ts3.6" "@types/toidentifier@ts3.6" "@types/type-is@ts3.6" "@types/utils-merge@ts3.6" "@types/vary@ts3.6" "--save-dev" "--user-agent=typesInstaller/3.6.3"
112 verbose node v12.18.3
113 verbose npm  v6.14.6
114 error code ETARGET
115 error notarget No matching version found for @types/call-bind@ts3.6.
116 error notarget In most cases you or one of your dependencies are requesting
116 error notarget a package version that doesn't exist.
117 verbose exit [ 1, true ]
