0 info it worked if it ends with ok
1 verbose cli [
1 verbose cli   '/usr/local/bin/node',
1 verbose cli   '/usr/local/bin/npm',
1 verbose cli   'install',
1 verbose cli   '--ignore-scripts',
1 verbose cli   '@types/accepts@ts3.6',
1 verbose cli   '@types/are-we-there-yet@ts3.6',
1 verbose cli   '@types/argparse@ts3.6',
1 verbose cli   '@types/asn1@ts3.6',
1 verbose cli   '@types/assert-plus@ts3.6',
1 verbose cli   '@types/autosize@ts3.6',
1 verbose cli   '@types/aws4@ts3.6',
1 verbose cli   '@types/babel-plugin-syntax-jsx@ts3.6',
1 verbose cli   '@types/balanced-match@ts3.6',
1 verbose cli   '@types/bent@ts3.6',
1 verbose cli   '@types/bindings@ts3.6',
1 verbose cli   '@types/body-parser@ts3.6',
1 verbose cli   '@types/brace-expansion@ts3.6',
1 verbose cli   '@types/buffer-crc32@ts3.6',
1 verbose cli   '@types/buffers@ts3.6',
1 verbose cli   '@types/byline@ts3.6',
1 verbose cli   '@types/bytes@ts3.6',
1 verbose cli   '@types/caseless@ts3.6',
1 verbose cli   '@types/checksum@ts3.6',
1 verbose cli   '@types/chownr@ts3.6',
1 verbose cli   '@types/color-convert@ts3.6',
1 verbose cli   '@types/color-name@ts3.6',
1 verbose cli   '@types/combined-stream@ts3.6',
1 verbose cli   '@types/concat-map@ts3.6',
1 verbose cli   '@types/content-disposition@ts3.6',
1 verbose cli   '@types/content-type@ts3.6',
1 verbose cli   '@types/cookie@ts3.6',
1 verbose cli   '@types/cookie-signature@ts3.6',
1 verbose cli   '@types/css-to-react-native@ts3.6',
1 verbose cli   '@types/dashdash@ts3.6',
1 verbose cli   '@types/debug@ts3.6',
1 verbose cli   '@types/decompress@ts3.6',
1 verbose cli   '@types/deep-extend@ts3.6',
1 verbose cli   '@types/delegates@ts3.6',
1 verbose cli   '@types/depd@ts3.6',
1 verbose cli   '@types/destroy@ts3.6',
1 verbose cli   '@types/detect-libc@ts3.6',
1 verbose cli   '@types/diff@ts3.6',
1 verbose cli   '@types/dir-glob@ts3.6',
1 verbose cli   '@types/dompurify@ts3.6',
1 verbose cli   '@types/drivelist@ts3.6',
1 verbose cli   '@types/ee-first@ts3.6',
1 verbose cli   '@types/encodeurl@ts3.6',
1 verbose cli   '@types/end-of-stream@ts3.6',
1 verbose cli   '@types/escape-html@ts3.6',
1 verbose cli   '@types/etag@ts3.6',
1 verbose cli   '@types/event-stream@ts3.6',
1 verbose cli   '@types/express@ts3.6',
1 verbose cli   '@types/extend@ts3.6',
1 verbose cli   '@types/extsprintf@ts3.6',
1 verbose cli   '@types/finalhandler@ts3.6',
1 verbose cli   '@types/forever-agent@ts3.6',
1 verbose cli   '@types/forwarded@ts3.6',
1 verbose cli   '@types/fresh@ts3.6',
1 verbose cli   '@types/from@ts3.6',
1 verbose cli   '@types/fs-extra@ts3.6',
1 verbose cli   '@types/fs-minipass@ts3.6',
1 verbose cli   '@types/gauge@ts3.6',
1 verbose cli   '@types/getpass@ts3.6',
1 verbose cli   '@types/graceful-fs@ts3.6',
1 verbose cli   '@types/http-errors@ts3.6',
1 verbose cli   '@types/imurmurhash@ts3.6',
1 verbose cli   '@types/inherits@ts3.6',
1 verbose cli   '@types/ini@ts3.6',
1 verbose cli   '@types/is-natural-number@ts3.6',
1 verbose cli   '@types/is-typedarray@ts3.6',
1 verbose cli   '@types/isarray@ts3.6',
1 verbose cli   '@types/isexe@ts3.6',
1 verbose cli   '@types/isstream@ts3.6',
1 verbose cli   '@types/jsbn@ts3.6',
1 verbose cli   '@types/json-schema@ts3.6',
1 verbose cli   '@types/json-stringify-safe@ts3.6',
1 verbose cli   '@types/jsonfile@ts3.6',
1 verbose cli   '@types/jsprim@ts3.6',
1 verbose cli   '@types/linkify-it@ts3.6',
1 verbose cli   '@types/lodash@ts3.6',
1 verbose cli   '@types/lodash.clonedeep@ts3.6',
1 verbose cli   '@types/lodash.debounce@ts3.6',
1 verbose cli   '@types/lodash.throttle@ts3.6',
1 verbose cli   '@types/map-stream@ts3.6',
1 verbose cli   '@types/markdown-it@ts3.6',
1 verbose cli   '@types/mdurl@ts3.6',
1 verbose cli   '@types/media-typer@ts3.6',
1 verbose cli   '@types/merge-descriptors@ts3.6',
1 verbose cli   '@types/methods@ts3.6',
1 verbose cli   '@types/mime@ts3.6',
1 verbose cli   '@types/mime-db@ts3.6',
1 verbose cli   '@types/mime-types@ts3.6',
1 verbose cli   '@types/minimist@ts3.6',
1 verbose cli   '@types/minizlib@ts3.6',
1 verbose cli   '@types/ms@ts3.6',
1 verbose cli   '@types/negotiator@ts3.6',
1 verbose cli   '@types/nested-error-stacks@ts3.6',
1 verbose cli   '@types/node-abi@ts3.6',
1 verbose cli   '@types/npmlog@ts3.6',
1 verbose cli   '@types/number-is-nan@ts3.6',
1 verbose cli   ... 79 more items
1 verbose cli ]
2 info using npm@6.14.6
3 info using node@v12.18.3
4 verbose npm-session 1831677dcbe843a6
5 silly install loadCurrentTree
6 silly install readLocalPackageData
7 http fetch GET 304 https://registry.npmjs.org/@types%2faccepts 849ms (from cache)
8 http fetch GET 304 https://registry.npmjs.org/@types%2fargparse 817ms (from cache)
9 silly pacote tag manifest for @types/accepts@ts3.6 fetched in 907ms
10 silly pacote tag manifest for @types/argparse@ts3.6 fetched in 843ms
11 http fetch GET 304 https://registry.npmjs.org/@types%2fare-we-there-yet 940ms (from cache)
12 silly pacote tag manifest for @types/are-we-there-yet@ts3.6 fetched in 949ms
13 http fetch GET 304 https://registry.npmjs.org/@types%2fbody-parser 106ms (from cache)
14 silly pacote tag manifest for @types/body-parser@ts3.6 fetched in 133ms
15 http fetch GET 304 https://registry.npmjs.org/@types%2fbent 1100ms (from cache)
16 http fetch GET 304 https://registry.npmjs.org/@types%2fassert-plus 1190ms (from cache)
17 http fetch GET 304 https://registry.npmjs.org/@types%2fautosize 1159ms (from cache)
18 http fetch GET 304 https://registry.npmjs.org/@types%2fasn1 1211ms (from cache)
19 silly pacote tag manifest for @types/bent@ts3.6 fetched in 1115ms
20 silly pacote tag manifest for @types/assert-plus@ts3.6 fetched in 1207ms
21 http fetch GET 304 https://registry.npmjs.org/@types%2fbabel-plugin-syntax-jsx 1156ms (from cache)
22 silly pacote tag manifest for @types/autosize@ts3.6 fetched in 1185ms
23 silly pacote tag manifest for @types/asn1@ts3.6 fetched in 1235ms
24 silly pacote tag manifest for @types/babel-plugin-syntax-jsx@ts3.6 fetched in 1176ms
25 http fetch GET 304 https://registry.npmjs.org/@types%2fbindings 477ms (from cache)
26 silly pacote tag manifest for @types/bindings@ts3.6 fetched in 483ms
27 http fetch GET 304 https://registry.npmjs.org/@types%2fcaseless 101ms (from cache)
28 silly pacote tag manifest for @types/caseless@ts3.6 fetched in 105ms
29 http fetch GET 304 https://registry.npmjs.org/@types%2faws4 1313ms (from cache)
30 http fetch GET 304 https://registry.npmjs.org/@types%2fbalanced-match 1284ms (from cache)
31 silly pacote tag manifest for @types/aws4@ts3.6 fetched in 1322ms
32 silly pacote tag manifest for @types/balanced-match@ts3.6 fetched in 1313ms
33 http fetch GET 304 https://registry.npmjs.org/@types%2fcolor-name 109ms (from cache)
34 silly pacote tag manifest for @types/color-name@ts3.6 fetched in 115ms
35 http fetch GET 304 https://registry.npmjs.org/@types%2fbuffers 283ms (from cache)
36 silly pacote tag manifest for @types/buffers@ts3.6 fetched in 295ms
37 http fetch GET 304 https://registry.npmjs.org/@types%2fbytes 305ms (from cache)
38 silly pacote tag manifest for @types/bytes@ts3.6 fetched in 309ms
39 http fetch GET 304 https://registry.npmjs.org/@types%2fchownr 255ms (from cache)
40 silly pacote tag manifest for @types/chownr@ts3.6 fetched in 258ms
41 http fetch GET 304 https://registry.npmjs.org/@types%2fcontent-disposition 90ms (from cache)
42 silly pacote tag manifest for @types/content-disposition@ts3.6 fetched in 95ms
43 http fetch GET 304 https://registry.npmjs.org/@types%2fcontent-type 77ms (from cache)
44 silly pacote tag manifest for @types/content-type@ts3.6 fetched in 85ms
45 http fetch GET 304 https://registry.npmjs.org/@types%2fcookie 102ms (from cache)
46 silly pacote tag manifest for @types/cookie@ts3.6 fetched in 109ms
47 http fetch GET 304 https://registry.npmjs.org/@types%2fbrace-expansion 763ms (from cache)
48 silly pacote tag manifest for @types/brace-expansion@ts3.6 fetched in 771ms
49 http fetch GET 304 https://registry.npmjs.org/@types%2fbuffer-crc32 791ms (from cache)
50 silly pacote tag manifest for @types/buffer-crc32@ts3.6 fetched in 801ms
51 http fetch GET 304 https://registry.npmjs.org/@types%2fbyline 557ms (from cache)
52 silly pacote tag manifest for @types/byline@ts3.6 fetched in 578ms
53 http fetch GET 304 https://registry.npmjs.org/@types%2fchecksum 561ms (from cache)
54 http fetch GET 304 https://registry.npmjs.org/@types%2fconcat-map 321ms (from cache)
55 silly pacote tag manifest for @types/checksum@ts3.6 fetched in 576ms
56 silly pacote tag manifest for @types/concat-map@ts3.6 fetched in 329ms
57 http fetch GET 304 https://registry.npmjs.org/@types%2fdebug 142ms (from cache)
58 silly pacote tag manifest for @types/debug@ts3.6 fetched in 146ms
59 http fetch GET 304 https://registry.npmjs.org/@types%2fcombined-stream 492ms (from cache)
60 silly pacote tag manifest for @types/combined-stream@ts3.6 fetched in 497ms
61 http fetch GET 304 https://registry.npmjs.org/@types%2fcolor-convert 749ms (from cache)
62 silly pacote tag manifest for @types/color-convert@ts3.6 fetched in 756ms
63 http fetch GET 304 https://registry.npmjs.org/@types%2fdiff 79ms (from cache)
64 silly pacote tag manifest for @types/diff@ts3.6 fetched in 85ms
65 http fetch GET 304 https://registry.npmjs.org/@types%2fdeep-extend 488ms (from cache)
66 silly pacote tag manifest for @types/deep-extend@ts3.6 fetched in 494ms
67 http fetch GET 200 https://registry.npmjs.org/@types%2fdelegates 575ms
68 silly fetchPackageMetaData error for @types/delegates@ts3.6 No matching version found for @types/delegates@ts3.6.
69 http fetch GET 304 https://registry.npmjs.org/@types%2fdestroy 602ms (from cache)
70 http fetch GET 304 https://registry.npmjs.org/@types%2fcookie-signature 863ms (from cache)
71 silly pacote tag manifest for @types/destroy@ts3.6 fetched in 632ms
72 silly pacote tag manifest for @types/cookie-signature@ts3.6 fetched in 890ms
73 http fetch GET 304 https://registry.npmjs.org/@types%2fdompurify 221ms (from cache)
74 http fetch GET 304 https://registry.npmjs.org/@types%2fdetect-libc 632ms (from cache)
75 silly pacote tag manifest for @types/detect-libc@ts3.6 fetched in 650ms
76 silly pacote tag manifest for @types/dompurify@ts3.6 fetched in 242ms
77 http fetch GET 304 https://registry.npmjs.org/@types%2fdashdash 878ms (from cache)
78 http fetch GET 304 https://registry.npmjs.org/@types%2fdir-glob 373ms (from cache)
79 http fetch GET 304 https://registry.npmjs.org/@types%2fcss-to-react-native 935ms (from cache)
80 silly pacote tag manifest for @types/dashdash@ts3.6 fetched in 915ms
81 silly pacote tag manifest for @types/dir-glob@ts3.6 fetched in 411ms
82 silly pacote tag manifest for @types/css-to-react-native@ts3.6 fetched in 985ms
83 http fetch GET 304 https://registry.npmjs.org/@types%2fdecompress 875ms (from cache)
84 silly pacote tag manifest for @types/decompress@ts3.6 fetched in 882ms
85 http fetch GET 304 https://registry.npmjs.org/@types%2fdepd 843ms (from cache)
86 silly pacote tag manifest for @types/depd@ts3.6 fetched in 847ms
87 http fetch GET 304 https://registry.npmjs.org/@types%2fexpress 93ms (from cache)
88 silly pacote tag manifest for @types/express@ts3.6 fetched in 107ms
89 http fetch GET 304 https://registry.npmjs.org/@types%2fee-first 270ms (from cache)
90 silly pacote tag manifest for @types/ee-first@ts3.6 fetched in 274ms
91 http fetch GET 304 https://registry.npmjs.org/@types%2fend-of-stream 278ms (from cache)
92 silly pacote tag manifest for @types/end-of-stream@ts3.6 fetched in 283ms
93 http fetch GET 304 https://registry.npmjs.org/@types%2fextend 285ms (from cache)
94 silly pacote tag manifest for @types/extend@ts3.6 fetched in 294ms
95 http fetch GET 304 https://registry.npmjs.org/@types%2fdrivelist 559ms (from cache)
96 silly pacote tag manifest for @types/drivelist@ts3.6 fetched in 566ms
97 http fetch GET 304 https://registry.npmjs.org/@types%2fescape-html 567ms (from cache)
98 http fetch GET 304 https://registry.npmjs.org/@types%2fforwarded 294ms (from cache)
99 silly pacote tag manifest for @types/escape-html@ts3.6 fetched in 582ms
100 silly pacote tag manifest for @types/forwarded@ts3.6 fetched in 307ms
101 http fetch GET 304 https://registry.npmjs.org/@types%2ffs-extra 73ms (from cache)
102 silly pacote tag manifest for @types/fs-extra@ts3.6 fetched in 86ms
103 http fetch GET 304 https://registry.npmjs.org/@types%2ffresh 307ms (from cache)
104 http fetch GET 304 https://registry.npmjs.org/@types%2fencodeurl 764ms (from cache)
105 silly pacote tag manifest for @types/fresh@ts3.6 fetched in 321ms
106 silly pacote tag manifest for @types/encodeurl@ts3.6 fetched in 775ms
107 http fetch GET 304 https://registry.npmjs.org/@types%2fforever-agent 524ms (from cache)
108 silly pacote tag manifest for @types/forever-agent@ts3.6 fetched in 532ms
109 http fetch GET 304 https://registry.npmjs.org/@types%2ffrom 308ms (from cache)
110 silly pacote tag manifest for @types/from@ts3.6 fetched in 333ms
111 http fetch GET 304 https://registry.npmjs.org/@types%2fetag 837ms (from cache)
112 silly pacote tag manifest for @types/etag@ts3.6 fetched in 859ms
113 http fetch GET 304 https://registry.npmjs.org/@types%2fevent-stream 862ms (from cache)
114 http fetch GET 304 https://registry.npmjs.org/@types%2fgraceful-fs 209ms (from cache)
115 silly pacote tag manifest for @types/event-stream@ts3.6 fetched in 888ms
116 http fetch GET 304 https://registry.npmjs.org/@types%2fhttp-errors 202ms (from cache)
117 http fetch GET 304 https://registry.npmjs.org/@types%2fextsprintf 827ms (from cache)
118 silly pacote tag manifest for @types/graceful-fs@ts3.6 fetched in 234ms
119 silly pacote tag manifest for @types/http-errors@ts3.6 fetched in 229ms
120 silly pacote tag manifest for @types/extsprintf@ts3.6 fetched in 856ms
121 http fetch GET 304 https://registry.npmjs.org/@types%2fimurmurhash 225ms (from cache)
122 silly pacote tag manifest for @types/imurmurhash@ts3.6 fetched in 248ms
123 http fetch GET 304 https://registry.npmjs.org/@types%2ffinalhandler 901ms (from cache)
124 http fetch GET 304 https://registry.npmjs.org/@types%2fgetpass 362ms (from cache)
125 silly pacote tag manifest for @types/finalhandler@ts3.6 fetched in 915ms
126 silly pacote tag manifest for @types/getpass@ts3.6 fetched in 384ms
127 http fetch GET 304 https://registry.npmjs.org/@types%2fini 177ms (from cache)
128 http fetch GET 200 https://registry.npmjs.org/@types%2ffs-minipass 545ms
129 silly fetchPackageMetaData error for @types/fs-minipass@ts3.6 No matching version found for @types/fs-minipass@ts3.6.
130 silly pacote tag manifest for @types/ini@ts3.6 fetched in 220ms
131 http fetch GET 200 https://registry.npmjs.org/@types%2fgauge 515ms
132 silly fetchPackageMetaData error for @types/gauge@ts3.6 No matching version found for @types/gauge@ts3.6.
133 http fetch GET 304 https://registry.npmjs.org/@types%2fjson-stringify-safe 81ms (from cache)
134 http fetch GET 304 https://registry.npmjs.org/@types%2fjson-schema 96ms (from cache)
135 silly pacote tag manifest for @types/json-stringify-safe@ts3.6 fetched in 97ms
136 silly pacote tag manifest for @types/json-schema@ts3.6 fetched in 118ms
137 http fetch GET 304 https://registry.npmjs.org/@types%2fis-typedarray 339ms (from cache)
138 http fetch GET 304 https://registry.npmjs.org/@types%2fjsonfile 134ms (from cache)
139 silly pacote tag manifest for @types/is-typedarray@ts3.6 fetched in 347ms
140 silly pacote tag manifest for @types/jsonfile@ts3.6 fetched in 143ms
141 http fetch GET 304 https://registry.npmjs.org/@types%2flinkify-it 84ms (from cache)
142 silly pacote tag manifest for @types/linkify-it@ts3.6 fetched in 92ms
143 http fetch GET 304 https://registry.npmjs.org/@types%2finherits 539ms (from cache)
144 http fetch GET 304 https://registry.npmjs.org/@types%2flodash.clonedeep 121ms (from cache)
145 http fetch GET 304 https://registry.npmjs.org/@types%2flodash 129ms (from cache)
146 silly pacote tag manifest for @types/inherits@ts3.6 fetched in 557ms
147 silly pacote tag manifest for @types/lodash.clonedeep@ts3.6 fetched in 143ms
148 silly pacote tag manifest for @types/lodash@ts3.6 fetched in 150ms
149 http fetch GET 304 https://registry.npmjs.org/@types%2fisexe 496ms (from cache)
150 http fetch GET 304 https://registry.npmjs.org/@types%2fisarray 536ms (from cache)
151 silly pacote tag manifest for @types/isexe@ts3.6 fetched in 503ms
152 silly pacote tag manifest for @types/isarray@ts3.6 fetched in 543ms
153 http fetch GET 304 https://registry.npmjs.org/@types%2fmarkdown-it 81ms (from cache)
154 silly pacote tag manifest for @types/markdown-it@ts3.6 fetched in 88ms
155 http fetch GET 304 https://registry.npmjs.org/@types%2fmdurl 88ms (from cache)
156 http fetch GET 304 https://registry.npmjs.org/@types%2fjsbn 509ms (from cache)
157 silly pacote tag manifest for @types/mdurl@ts3.6 fetched in 95ms
158 silly pacote tag manifest for @types/jsbn@ts3.6 fetched in 514ms
159 http fetch GET 304 https://registry.npmjs.org/@types%2flodash.debounce 303ms (from cache)
160 silly pacote tag manifest for @types/lodash.debounce@ts3.6 fetched in 308ms
161 http fetch GET 304 https://registry.npmjs.org/@types%2fmime 83ms (from cache)
162 silly pacote tag manifest for @types/mime@ts3.6 fetched in 89ms
163 http fetch GET 304 https://registry.npmjs.org/@types%2fis-natural-number 756ms (from cache)
164 silly pacote tag manifest for @types/is-natural-number@ts3.6 fetched in 761ms
165 http fetch GET 304 https://registry.npmjs.org/@types%2fmime-db 95ms (from cache)
166 silly pacote tag manifest for @types/mime-db@ts3.6 fetched in 105ms
167 http fetch GET 304 https://registry.npmjs.org/@types%2fminimist 101ms (from cache)
168 http fetch GET 304 https://registry.npmjs.org/@types%2fmime-types 125ms (from cache)
169 silly pacote tag manifest for @types/minimist@ts3.6 fetched in 108ms
170 silly pacote tag manifest for @types/mime-types@ts3.6 fetched in 138ms
171 http fetch GET 304 https://registry.npmjs.org/@types%2fms 81ms (from cache)
172 silly pacote tag manifest for @types/ms@ts3.6 fetched in 86ms
173 http fetch GET 304 https://registry.npmjs.org/@types%2flodash.throttle 504ms (from cache)
174 silly pacote tag manifest for @types/lodash.throttle@ts3.6 fetched in 512ms
175 http fetch GET 200 https://registry.npmjs.org/@types%2fjsprim 794ms
176 silly fetchPackageMetaData error for @types/jsprim@ts3.6 No matching version found for @types/jsprim@ts3.6.
177 http fetch GET 304 https://registry.npmjs.org/@types%2fmerge-descriptors 513ms (from cache)
178 silly pacote tag manifest for @types/merge-descriptors@ts3.6 fetched in 522ms
179 http fetch GET 304 https://registry.npmjs.org/@types%2fnegotiator 303ms (from cache)
180 http fetch GET 304 https://registry.npmjs.org/@types%2fnpmlog 93ms (from cache)
181 silly pacote tag manifest for @types/negotiator@ts3.6 fetched in 311ms
182 silly pacote tag manifest for @types/npmlog@ts3.6 fetched in 107ms
183 http fetch GET 200 https://registry.npmjs.org/@types%2fmap-stream 717ms
184 silly fetchPackageMetaData error for @types/map-stream@ts3.6 No matching version found for @types/map-stream@ts3.6.
185 http fetch GET 304 https://registry.npmjs.org/@types%2fnode-abi 276ms (from cache)
186 http fetch GET 304 https://registry.npmjs.org/@types%2fmedia-typer 730ms (from cache)
187 silly pacote tag manifest for @types/node-abi@ts3.6 fetched in 285ms
188 http fetch GET 304 https://registry.npmjs.org/@types%2fobject-assign 98ms (from cache)
189 silly pacote tag manifest for @types/media-typer@ts3.6 fetched in 742ms
190 http fetch GET 304 https://registry.npmjs.org/@types%2fnested-error-stacks 346ms (from cache)
191 silly pacote tag manifest for @types/object-assign@ts3.6 fetched in 115ms
192 silly pacote tag manifest for @types/nested-error-stacks@ts3.6 fetched in 364ms
193 http fetch GET 304 https://registry.npmjs.org/@types%2fminizlib 536ms (from cache)
194 silly pacote tag manifest for @types/minizlib@ts3.6 fetched in 545ms
195 http fetch GET 304 https://registry.npmjs.org/@types%2fmethods 720ms (from cache)
196 silly pacote tag manifest for @types/methods@ts3.6 fetched in 728ms
197 http fetch GET 304 https://registry.npmjs.org/@types%2fon-finished 540ms (from cache)
198 http fetch GET 304 https://registry.npmjs.org/@types%2fisstream 1628ms (from cache)
199 http fetch GET 304 https://registry.npmjs.org/@types%2fonce 522ms (from cache)
200 silly pacote tag manifest for @types/on-finished@ts3.6 fetched in 552ms
201 silly pacote tag manifest for @types/once@ts3.6 fetched in 530ms
202 silly pacote tag manifest for @types/isstream@ts3.6 fetched in 1644ms
203 http fetch GET 304 https://registry.npmjs.org/@types%2foniguruma 515ms (from cache)
204 http fetch GET 304 https://registry.npmjs.org/@types%2fparseurl 489ms (from cache)
205 silly pacote tag manifest for @types/oniguruma@ts3.6 fetched in 521ms
206 silly pacote tag manifest for @types/parseurl@ts3.6 fetched in 498ms
207 http fetch GET 304 https://registry.npmjs.org/@types%2fos-homedir 512ms (from cache)
208 silly pacote tag manifest for @types/os-homedir@ts3.6 fetched in 535ms
209 http fetch GET 304 https://registry.npmjs.org/@types%2fprop-types 133ms (from cache)
210 http fetch GET 304 https://registry.npmjs.org/@types%2fnumber-is-nan 784ms (from cache)
211 http fetch GET 304 https://registry.npmjs.org/@types%2fpdfobject 530ms (from cache)
212 silly pacote tag manifest for @types/prop-types@ts3.6 fetched in 151ms
213 silly pacote tag manifest for @types/number-is-nan@ts3.6 fetched in 803ms
214 silly pacote tag manifest for @types/pdfobject@ts3.6 fetched in 546ms
215 http fetch GET 304 https://registry.npmjs.org/@types%2fps-tree 135ms (from cache)
216 silly pacote tag manifest for @types/ps-tree@ts3.6 fetched in 144ms
217 http fetch GET 304 https://registry.npmjs.org/@types%2foptimist 716ms (from cache)
218 silly pacote tag manifest for @types/optimist@ts3.6 fetched in 721ms
219 http fetch GET 304 https://registry.npmjs.org/@types%2fpath-is-absolute 715ms (from cache)
220 silly pacote tag manifest for @types/path-is-absolute@ts3.6 fetched in 726ms
221 http fetch GET 304 https://registry.npmjs.org/@types%2fqs 118ms (from cache)
222 http fetch GET 304 https://registry.npmjs.org/@types%2fproxy-addr 305ms (from cache)
223 silly pacote tag manifest for @types/qs@ts3.6 fetched in 141ms
224 silly pacote tag manifest for @types/proxy-addr@ts3.6 fetched in 329ms
225 http fetch GET 304 https://registry.npmjs.org/@types%2frange-parser 129ms (from cache)
226 http fetch GET 304 https://registry.npmjs.org/@types%2fproxy-from-env 337ms (from cache)
227 silly pacote tag manifest for @types/range-parser@ts3.6 fetched in 140ms
228 silly pacote tag manifest for @types/proxy-from-env@ts3.6 fetched in 349ms
229 http fetch GET 304 https://registry.npmjs.org/@types%2fpsl 288ms (from cache)
230 http fetch GET 304 https://registry.npmjs.org/@types%2fpump 285ms (from cache)
231 silly pacote tag manifest for @types/psl@ts3.6 fetched in 294ms
232 silly pacote tag manifest for @types/pump@ts3.6 fetched in 293ms
233 http fetch GET 304 https://registry.npmjs.org/@types%2freact-dom 91ms (from cache)
234 silly pacote tag manifest for @types/react-dom@ts3.6 fetched in 107ms
235 http fetch GET 304 https://registry.npmjs.org/@types%2freact-is 129ms (from cache)
236 silly pacote tag manifest for @types/react-is@ts3.6 fetched in 137ms
237 http fetch GET 304 https://registry.npmjs.org/@types%2freact-virtualized 95ms (from cache)
238 silly pacote tag manifest for @types/react-virtualized@ts3.6 fetched in 107ms
239 http fetch GET 304 https://registry.npmjs.org/@types%2fpify 598ms (from cache)
240 silly pacote tag manifest for @types/pify@ts3.6 fetched in 602ms
241 http fetch GET 304 https://registry.npmjs.org/@types%2frequest 82ms (from cache)
242 silly pacote tag manifest for @types/request@ts3.6 fetched in 87ms
243 http fetch GET 304 https://registry.npmjs.org/@types%2fpunycode 517ms (from cache)
244 silly pacote tag manifest for @types/punycode@ts3.6 fetched in 521ms
245 http fetch GET 304 https://registry.npmjs.org/@types%2fprogress 721ms (from cache)
246 silly pacote tag manifest for @types/progress@ts3.6 fetched in 729ms
247 http fetch GET 304 https://registry.npmjs.org/@types%2fsanitize-html 89ms (from cache)
248 http fetch GET 304 https://registry.npmjs.org/@types%2freact 449ms (from cache)
249 silly pacote tag manifest for @types/sanitize-html@ts3.6 fetched in 132ms
250 silly pacote tag manifest for @types/react@ts3.6 fetched in 491ms
251 http fetch GET 304 https://registry.npmjs.org/@types%2frc 562ms (from cache)
252 silly pacote tag manifest for @types/rc@ts3.6 fetched in 569ms
253 http fetch GET 304 https://registry.npmjs.org/@types%2froute-parser 298ms (from cache)
254 silly pacote tag manifest for @types/route-parser@ts3.6 fetched in 303ms
255 http fetch GET 304 https://registry.npmjs.org/@types%2freadable-stream 529ms (from cache)
256 silly pacote tag manifest for @types/readable-stream@ts3.6 fetched in 545ms
257 http fetch GET 304 https://registry.npmjs.org/@types%2fsemver 140ms (from cache)
258 silly pacote tag manifest for @types/semver@ts3.6 fetched in 156ms
259 http fetch GET 304 https://registry.npmjs.org/@types%2fsend 143ms (from cache)
260 http fetch GET 304 https://registry.npmjs.org/@types%2fserve-static 131ms (from cache)
261 silly pacote tag manifest for @types/send@ts3.6 fetched in 158ms
262 silly pacote tag manifest for @types/serve-static@ts3.6 fetched in 153ms
263 http fetch GET 304 https://registry.npmjs.org/@types%2fregenerator-runtime 590ms (from cache)
264 silly pacote tag manifest for @types/regenerator-runtime@ts3.6 fetched in 608ms
265 http fetch GET 304 https://registry.npmjs.org/@types%2frequestretry 563ms (from cache)
266 silly pacote tag manifest for @types/requestretry@ts3.6 fetched in 578ms
267 http fetch GET 304 https://registry.npmjs.org/@types%2fscheduler 283ms (from cache)
268 silly pacote tag manifest for @types/scheduler@ts3.6 fetched in 299ms
269 http fetch GET 304 https://registry.npmjs.org/@types%2frequire-directory 569ms (from cache)
270 silly pacote tag manifest for @types/require-directory@ts3.6 fetched in 578ms
271 http fetch GET 304 https://registry.npmjs.org/@types%2fshowdown 156ms (from cache)
272 http fetch GET 304 https://registry.npmjs.org/@types%2freact-lifecycles-compat 774ms (from cache)
273 silly pacote tag manifest for @types/showdown@ts3.6 fetched in 166ms
274 silly pacote tag manifest for @types/react-lifecycles-compat@ts3.6 fetched in 784ms
275 http fetch GET 304 https://registry.npmjs.org/@types%2fstyled-components 77ms (from cache)
276 silly pacote tag manifest for @types/styled-components@ts3.6 fetched in 84ms
277 http fetch GET 304 https://registry.npmjs.org/@types%2fsupports-color 54ms (from cache)
278 silly pacote tag manifest for @types/supports-color@ts3.6 fetched in 59ms
279 http fetch GET 304 https://registry.npmjs.org/@types%2fsafer-buffer 693ms (from cache)
280 silly pacote tag manifest for @types/safer-buffer@ts3.6 fetched in 697ms
281 http fetch GET 304 https://registry.npmjs.org/@types%2fsshpk 272ms (from cache)
282 silly pacote tag manifest for @types/sshpk@ts3.6 fetched in 276ms
283 http fetch GET 200 https://registry.npmjs.org/@types%2fset-blocking 481ms
284 silly fetchPackageMetaData error for @types/set-blocking@ts3.6 No matching version found for @types/set-blocking@ts3.6.
285 http fetch GET 304 https://registry.npmjs.org/@types%2fthrough 60ms (from cache)
286 silly pacote tag manifest for @types/through@ts3.6 fetched in 64ms
287 http fetch GET 200 https://registry.npmjs.org/@types%2fsimple-get 484ms
288 silly fetchPackageMetaData error for @types/simple-get@ts3.6 No matching version found for @types/simple-get@ts3.6.
289 http fetch GET 304 https://registry.npmjs.org/@types%2fsignal-exit 523ms (from cache)
290 silly pacote tag manifest for @types/signal-exit@ts3.6 fetched in 526ms
291 http fetch GET 304 https://registry.npmjs.org/@types%2ftar 268ms (from cache)
292 silly pacote tag manifest for @types/tar@ts3.6 fetched in 276ms
293 http fetch GET 304 https://registry.npmjs.org/@types%2fsprintf 509ms (from cache)
294 silly pacote tag manifest for @types/sprintf@ts3.6 fetched in 514ms
295 http fetch GET 304 https://registry.npmjs.org/@types%2fsprintf-js 496ms (from cache)
296 http fetch GET 304 https://registry.npmjs.org/@types%2ftough-cookie 92ms (from cache)
297 silly pacote tag manifest for @types/sprintf-js@ts3.6 fetched in 509ms
298 silly pacote tag manifest for @types/tough-cookie@ts3.6 fetched in 101ms
299 http fetch GET 304 https://registry.npmjs.org/@types%2fstatuses 500ms (from cache)
300 silly pacote tag manifest for @types/statuses@ts3.6 fetched in 505ms
301 http fetch GET 304 https://registry.npmjs.org/@types%2fsplit 720ms (from cache)
302 silly pacote tag manifest for @types/split@ts3.6 fetched in 734ms
303 http fetch GET 304 https://registry.npmjs.org/@types%2funiversalify 253ms (from cache)
304 http fetch GET 304 https://registry.npmjs.org/@types%2funzip-stream 253ms (from cache)
305 silly pacote tag manifest for @types/universalify@ts3.6 fetched in 262ms
306 silly pacote tag manifest for @types/unzip-stream@ts3.6 fetched in 263ms
307 http fetch GET 304 https://registry.npmjs.org/@types%2ftar-stream 508ms (from cache)
308 silly pacote tag manifest for @types/tar-stream@ts3.6 fetched in 513ms
309 http fetch GET 304 https://registry.npmjs.org/@types%2fuuid 61ms (from cache)
310 silly pacote tag manifest for @types/uuid@ts3.6 fetched in 66ms
311 http fetch GET 200 https://registry.npmjs.org/@types%2ftoidentifier 486ms
312 silly fetchPackageMetaData error for @types/toidentifier@ts3.6 No matching version found for @types/toidentifier@ts3.6.
313 http fetch GET 304 https://registry.npmjs.org/@types%2fverror 92ms (from cache)
314 silly pacote tag manifest for @types/verror@ts3.6 fetched in 99ms
315 http fetch GET 304 https://registry.npmjs.org/@types%2ftype-is 496ms (from cache)
316 http fetch GET 304 https://registry.npmjs.org/@types%2ftar-fs 734ms (from cache)
317 silly pacote tag manifest for @types/type-is@ts3.6 fetched in 511ms
318 silly pacote tag manifest for @types/tar-fs@ts3.6 fetched in 745ms
319 http fetch GET 200 https://registry.npmjs.org/@types%2funbzip2-stream 490ms
320 silly fetchPackageMetaData error for @types/unbzip2-stream@ts3.6 No matching version found for @types/unbzip2-stream@ts3.6.
321 http fetch GET 304 https://registry.npmjs.org/@types%2fuser-home 472ms (from cache)
322 silly pacote tag manifest for @types/user-home@ts3.6 fetched in 475ms
323 http fetch GET 304 https://registry.npmjs.org/@types%2futils-merge 260ms (from cache)
324 http fetch GET 304 https://registry.npmjs.org/@types%2fwhich 72ms (from cache)
325 silly pacote tag manifest for @types/utils-merge@ts3.6 fetched in 268ms
326 silly pacote tag manifest for @types/which@ts3.6 fetched in 79ms
327 http fetch GET 304 https://registry.npmjs.org/@types%2fwrap-ansi 67ms (from cache)
328 silly pacote tag manifest for @types/wrap-ansi@ts3.6 fetched in 71ms
329 http fetch GET 304 https://registry.npmjs.org/@types%2fws 70ms (from cache)
330 silly pacote tag manifest for @types/ws@ts3.6 fetched in 77ms
331 http fetch GET 304 https://registry.npmjs.org/@types%2ftraverse 711ms (from cache)
332 silly pacote tag manifest for @types/traverse@ts3.6 fetched in 715ms
333 http fetch GET 304 https://registry.npmjs.org/@types%2fyargs 64ms (from cache)
334 silly pacote tag manifest for @types/yargs@ts3.6 fetched in 84ms
335 http fetch GET 304 https://registry.npmjs.org/@types%2fwhen 270ms (from cache)
336 silly pacote tag manifest for @types/when@ts3.6 fetched in 276ms
337 http fetch GET 304 https://registry.npmjs.org/@types%2fyauzl 72ms (from cache)
338 silly pacote tag manifest for @types/yauzl@ts3.6 fetched in 83ms
339 http fetch GET 304 https://registry.npmjs.org/@types%2fwordwrap 263ms (from cache)
340 silly pacote tag manifest for @types/wordwrap@ts3.6 fetched in 269ms
341 http fetch GET 304 https://registry.npmjs.org/@types%2fvary 504ms (from cache)
342 silly pacote tag manifest for @types/vary@ts3.6 fetched in 513ms
343 http fetch GET 304 https://registry.npmjs.org/@types%2fwhich-pm-runs 352ms (from cache)
344 http fetch GET 304 https://registry.npmjs.org/@types%2fxtend 282ms (from cache)
345 silly pacote tag manifest for @types/which-pm-runs@ts3.6 fetched in 363ms
346 silly pacote tag manifest for @types/xtend@ts3.6 fetched in 287ms
347 http fetch GET 304 https://registry.npmjs.org/@types%2fvhost 477ms (from cache)
348 silly pacote tag manifest for @types/vhost@ts3.6 fetched in 484ms
349 http fetch GET 304 https://registry.npmjs.org/@types%2futil-deprecate 722ms (from cache)
350 silly pacote tag manifest for @types/util-deprecate@ts3.6 fetched in 728ms
351 http fetch GET 304 https://registry.npmjs.org/@types%2fyallist 491ms (from cache)
352 silly pacote tag manifest for @types/yallist@ts3.6 fetched in 498ms
353 timing stage:rollbackFailedOptional Completed in 5ms
354 timing stage:runTopLevelLifecycles Completed in 8391ms
355 verbose type tag
356 verbose stack @types/delegates: No matching version found for @types/delegates@ts3.6.
356 verbose stack     at pickManifest (/usr/local/lib/node_modules/npm/node_modules/npm-pick-manifest/index.js:122:13)
356 verbose stack     at /usr/local/lib/node_modules/npm/node_modules/pacote/lib/fetchers/registry/manifest.js:24:14
356 verbose stack     at tryCatcher (/usr/local/lib/node_modules/npm/node_modules/bluebird/js/release/util.js:16:23)
356 verbose stack     at Promise._settlePromiseFromHandler (/usr/local/lib/node_modules/npm/node_modules/bluebird/js/release/promise.js:517:31)
356 verbose stack     at Promise._settlePromise (/usr/local/lib/node_modules/npm/node_modules/bluebird/js/release/promise.js:574:18)
356 verbose stack     at Promise._settlePromise0 (/usr/local/lib/node_modules/npm/node_modules/bluebird/js/release/promise.js:619:10)
356 verbose stack     at Promise._settlePromises (/usr/local/lib/node_modules/npm/node_modules/bluebird/js/release/promise.js:699:18)
356 verbose stack     at _drainQueueStep (/usr/local/lib/node_modules/npm/node_modules/bluebird/js/release/async.js:138:12)
356 verbose stack     at _drainQueue (/usr/local/lib/node_modules/npm/node_modules/bluebird/js/release/async.js:131:9)
356 verbose stack     at Async._drainQueues (/usr/local/lib/node_modules/npm/node_modules/bluebird/js/release/async.js:147:5)
356 verbose stack     at Immediate.Async.drainQueues [as _onImmediate] (/usr/local/lib/node_modules/npm/node_modules/bluebird/js/release/async.js:17:14)
356 verbose stack     at processImmediate (internal/timers.js:456:21)
357 verbose cwd /home/theia/.cache/typescript/3.6
358 verbose Linux 6.4.16-linuxkit
359 verbose argv "/usr/local/bin/node" "/usr/local/bin/npm" "install" "--ignore-scripts" "@types/accepts@ts3.6" "@types/are-we-there-yet@ts3.6" "@types/argparse@ts3.6" "@types/asn1@ts3.6" "@types/assert-plus@ts3.6" "@types/autosize@ts3.6" "@types/aws4@ts3.6" "@types/babel-plugin-syntax-jsx@ts3.6" "@types/balanced-match@ts3.6" "@types/bent@ts3.6" "@types/bindings@ts3.6" "@types/body-parser@ts3.6" "@types/brace-expansion@ts3.6" "@types/buffer-crc32@ts3.6" "@types/buffers@ts3.6" "@types/byline@ts3.6" "@types/bytes@ts3.6" "@types/caseless@ts3.6" "@types/checksum@ts3.6" "@types/chownr@ts3.6" "@types/color-convert@ts3.6" "@types/color-name@ts3.6" "@types/combined-stream@ts3.6" "@types/concat-map@ts3.6" "@types/content-disposition@ts3.6" "@types/content-type@ts3.6" "@types/cookie@ts3.6" "@types/cookie-signature@ts3.6" "@types/css-to-react-native@ts3.6" "@types/dashdash@ts3.6" "@types/debug@ts3.6" "@types/decompress@ts3.6" "@types/deep-extend@ts3.6" "@types/delegates@ts3.6" "@types/depd@ts3.6" "@types/destroy@ts3.6" "@types/detect-libc@ts3.6" "@types/diff@ts3.6" "@types/dir-glob@ts3.6" "@types/dompurify@ts3.6" "@types/drivelist@ts3.6" "@types/ee-first@ts3.6" "@types/encodeurl@ts3.6" "@types/end-of-stream@ts3.6" "@types/escape-html@ts3.6" "@types/etag@ts3.6" "@types/event-stream@ts3.6" "@types/express@ts3.6" "@types/extend@ts3.6" "@types/extsprintf@ts3.6" "@types/finalhandler@ts3.6" "@types/forever-agent@ts3.6" "@types/forwarded@ts3.6" "@types/fresh@ts3.6" "@types/from@ts3.6" "@types/fs-extra@ts3.6" "@types/fs-minipass@ts3.6" "@types/gauge@ts3.6" "@types/getpass@ts3.6" "@types/graceful-fs@ts3.6" "@types/http-errors@ts3.6" "@types/imurmurhash@ts3.6" "@types/inherits@ts3.6" "@types/ini@ts3.6" "@types/is-natural-number@ts3.6" "@types/is-typedarray@ts3.6" "@types/isarray@ts3.6" "@types/isexe@ts3.6" "@types/isstream@ts3.6" "@types/jsbn@ts3.6" "@types/json-schema@ts3.6" "@types/json-stringify-safe@ts3.6" "@types/jsonfile@ts3.6" "@types/jsprim@ts3.6" "@types/linkify-it@ts3.6" "@types/lodash@ts3.6" "@types/lodash.clonedeep@ts3.6" "@types/lodash.debounce@ts3.6" "@types/lodash.throttle@ts3.6" "@types/map-stream@ts3.6" "@types/markdown-it@ts3.6" "@types/mdurl@ts3.6" "@types/media-typer@ts3.6" "@types/merge-descriptors@ts3.6" "@types/methods@ts3.6" "@types/mime@ts3.6" "@types/mime-db@ts3.6" "@types/mime-types@ts3.6" "@types/minimist@ts3.6" "@types/minizlib@ts3.6" "@types/ms@ts3.6" "@types/negotiator@ts3.6" "@types/nested-error-stacks@ts3.6" "@types/node-abi@ts3.6" "@types/npmlog@ts3.6" "@types/number-is-nan@ts3.6" "@types/object-assign@ts3.6" "@types/on-finished@ts3.6" "@types/once@ts3.6" "@types/oniguruma@ts3.6" "@types/optimist@ts3.6" "@types/os-homedir@ts3.6" "@types/parseurl@ts3.6" "@types/path-is-absolute@ts3.6" "@types/pdfobject@ts3.6" "@types/pify@ts3.6" "@types/progress@ts3.6" "@types/prop-types@ts3.6" "@types/proxy-addr@ts3.6" "@types/proxy-from-env@ts3.6" "@types/ps-tree@ts3.6" "@types/psl@ts3.6" "@types/pump@ts3.6" "@types/punycode@ts3.6" "@types/qs@ts3.6" "@types/range-parser@ts3.6" "@types/rc@ts3.6" "@types/react@ts3.6" "@types/react-dom@ts3.6" "@types/react-is@ts3.6" "@types/react-lifecycles-compat@ts3.6" "@types/react-virtualized@ts3.6" "@types/readable-stream@ts3.6" "@types/regenerator-runtime@ts3.6" "@types/request@ts3.6" "@types/requestretry@ts3.6" "@types/require-directory@ts3.6" "@types/route-parser@ts3.6" "@types/safer-buffer@ts3.6" "@types/sanitize-html@ts3.6" "@types/scheduler@ts3.6" "@types/semver@ts3.6" "@types/send@ts3.6" "@types/serve-static@ts3.6" "@types/set-blocking@ts3.6" "@types/showdown@ts3.6" "@types/signal-exit@ts3.6" "@types/simple-get@ts3.6" "@types/split@ts3.6" "@types/sprintf@ts3.6" "@types/sprintf-js@ts3.6" "@types/sshpk@ts3.6" "@types/statuses@ts3.6" "@types/styled-components@ts3.6" "@types/supports-color@ts3.6" "@types/tar@ts3.6" "@types/tar-fs@ts3.6" "@types/tar-stream@ts3.6" "@types/through@ts3.6" "@types/toidentifier@ts3.6" "@types/tough-cookie@ts3.6" "@types/traverse@ts3.6" "@types/type-is@ts3.6" "@types/unbzip2-stream@ts3.6" "@types/universalify@ts3.6" "@types/unzip-stream@ts3.6" "@types/user-home@ts3.6" "@types/util-deprecate@ts3.6" "@types/utils-merge@ts3.6" "@types/uuid@ts3.6" "@types/vary@ts3.6" "@types/verror@ts3.6" "@types/vhost@ts3.6" "@types/when@ts3.6" "@types/which@ts3.6" "@types/which-pm-runs@ts3.6" "@types/wordwrap@ts3.6" "@types/wrap-ansi@ts3.6" "@types/ws@ts3.6" "@types/xtend@ts3.6" "@types/yallist@ts3.6" "@types/yargs@ts3.6" "@types/yauzl@ts3.6" "--save-dev" "--user-agent=typesInstaller/3.6.3"
360 verbose node v12.18.3
361 verbose npm  v6.14.6
362 error code ETARGET
363 error notarget No matching version found for @types/delegates@ts3.6.
364 error notarget In most cases you or one of your dependencies are requesting
364 error notarget a package version that doesn't exist.
365 verbose exit [ 1, true ]
