0 info it worked if it ends with ok
1 verbose cli [
1 verbose cli   '/usr/local/bin/node',
1 verbose cli   '/usr/local/bin/npm',
1 verbose cli   'install',
1 verbose cli   '--ignore-scripts',
1 verbose cli   '@types/accepts@ts3.6',
1 verbose cli   '@types/are-we-there-yet@ts3.6',
1 verbose cli   '@types/argparse@ts3.6',
1 verbose cli   '@types/asn1@ts3.6',
1 verbose cli   '@types/assert-plus@ts3.6',
1 verbose cli   '@types/autosize@ts3.6',
1 verbose cli   '@types/aws4@ts3.6',
1 verbose cli   '@types/babel-plugin-syntax-jsx@ts3.6',
1 verbose cli   '@types/balanced-match@ts3.6',
1 verbose cli   '@types/bent@ts3.6',
1 verbose cli   '@types/bindings@ts3.6',
1 verbose cli   '@types/body-parser@ts3.6',
1 verbose cli   '@types/brace-expansion@ts3.6',
1 verbose cli   '@types/buffer-crc32@ts3.6',
1 verbose cli   '@types/buffers@ts3.6',
1 verbose cli   '@types/byline@ts3.6',
1 verbose cli   '@types/bytes@ts3.6',
1 verbose cli   '@types/caseless@ts3.6',
1 verbose cli   '@types/checksum@ts3.6',
1 verbose cli   '@types/chownr@ts3.6',
1 verbose cli   '@types/color-convert@ts3.6',
1 verbose cli   '@types/color-name@ts3.6',
1 verbose cli   '@types/combined-stream@ts3.6',
1 verbose cli   '@types/concat-map@ts3.6',
1 verbose cli   '@types/content-disposition@ts3.6',
1 verbose cli   '@types/content-type@ts3.6',
1 verbose cli   '@types/cookie@ts3.6',
1 verbose cli   '@types/cookie-signature@ts3.6',
1 verbose cli   '@types/css-to-react-native@ts3.6',
1 verbose cli   '@types/dashdash@ts3.6',
1 verbose cli   '@types/debug@ts3.6',
1 verbose cli   '@types/decompress@ts3.6',
1 verbose cli   '@types/deep-extend@ts3.6',
1 verbose cli   '@types/delegates@ts3.6',
1 verbose cli   '@types/depd@ts3.6',
1 verbose cli   '@types/destroy@ts3.6',
1 verbose cli   '@types/detect-libc@ts3.6',
1 verbose cli   '@types/diff@ts3.6',
1 verbose cli   '@types/dir-glob@ts3.6',
1 verbose cli   '@types/dompurify@ts3.6',
1 verbose cli   '@types/drivelist@ts3.6',
1 verbose cli   '@types/ee-first@ts3.6',
1 verbose cli   '@types/encodeurl@ts3.6',
1 verbose cli   '@types/end-of-stream@ts3.6',
1 verbose cli   '@types/escape-html@ts3.6',
1 verbose cli   '@types/etag@ts3.6',
1 verbose cli   '@types/event-stream@ts3.6',
1 verbose cli   '@types/express@ts3.6',
1 verbose cli   '@types/extend@ts3.6',
1 verbose cli   '@types/extsprintf@ts3.6',
1 verbose cli   '@types/finalhandler@ts3.6',
1 verbose cli   '@types/forever-agent@ts3.6',
1 verbose cli   '@types/forwarded@ts3.6',
1 verbose cli   '@types/fresh@ts3.6',
1 verbose cli   '@types/from@ts3.6',
1 verbose cli   '@types/fs-extra@ts3.6',
1 verbose cli   '@types/fs-minipass@ts3.6',
1 verbose cli   '@types/gauge@ts3.6',
1 verbose cli   '@types/getpass@ts3.6',
1 verbose cli   '@types/graceful-fs@ts3.6',
1 verbose cli   '@types/http-errors@ts3.6',
1 verbose cli   '@types/imurmurhash@ts3.6',
1 verbose cli   '@types/inherits@ts3.6',
1 verbose cli   '@types/ini@ts3.6',
1 verbose cli   '@types/is-natural-number@ts3.6',
1 verbose cli   '@types/is-typedarray@ts3.6',
1 verbose cli   '@types/isarray@ts3.6',
1 verbose cli   '@types/isexe@ts3.6',
1 verbose cli   '@types/isstream@ts3.6',
1 verbose cli   '@types/jsbn@ts3.6',
1 verbose cli   '@types/json-schema@ts3.6',
1 verbose cli   '@types/json-stringify-safe@ts3.6',
1 verbose cli   '@types/jsonfile@ts3.6',
1 verbose cli   '@types/jsprim@ts3.6',
1 verbose cli   '@types/linkify-it@ts3.6',
1 verbose cli   '@types/lodash@ts3.6',
1 verbose cli   '@types/lodash.clonedeep@ts3.6',
1 verbose cli   '@types/lodash.debounce@ts3.6',
1 verbose cli   '@types/lodash.throttle@ts3.6',
1 verbose cli   '@types/map-stream@ts3.6',
1 verbose cli   '@types/markdown-it@ts3.6',
1 verbose cli   '@types/mdurl@ts3.6',
1 verbose cli   '@types/media-typer@ts3.6',
1 verbose cli   '@types/merge-descriptors@ts3.6',
1 verbose cli   '@types/methods@ts3.6',
1 verbose cli   '@types/mime@ts3.6',
1 verbose cli   '@types/mime-db@ts3.6',
1 verbose cli   '@types/mime-types@ts3.6',
1 verbose cli   '@types/minimist@ts3.6',
1 verbose cli   '@types/minizlib@ts3.6',
1 verbose cli   '@types/ms@ts3.6',
1 verbose cli   '@types/negotiator@ts3.6',
1 verbose cli   '@types/nested-error-stacks@ts3.6',
1 verbose cli   '@types/node-abi@ts3.6',
1 verbose cli   '@types/npmlog@ts3.6',
1 verbose cli   '@types/number-is-nan@ts3.6',
1 verbose cli   ... 79 more items
1 verbose cli ]
2 info using npm@6.14.6
3 info using node@v12.18.3
4 verbose npm-session c49bd5e90a945eed
5 silly install loadCurrentTree
6 silly install readLocalPackageData
7 http fetch GET 200 https://registry.npmjs.org/@types%2fautosize 331ms (from cache)
8 http fetch GET 200 https://registry.npmjs.org/@types%2fare-we-there-yet 361ms (from cache)
9 http fetch GET 200 https://registry.npmjs.org/@types%2fassert-plus 354ms (from cache)
10 http fetch GET 200 https://registry.npmjs.org/@types%2fasn1 361ms (from cache)
11 http fetch GET 200 https://registry.npmjs.org/@types%2faws4 358ms (from cache)
12 http fetch GET 200 https://registry.npmjs.org/@types%2fbalanced-match 339ms (from cache)
13 http fetch GET 200 https://registry.npmjs.org/@types%2fbabel-plugin-syntax-jsx 357ms (from cache)
14 http fetch GET 200 https://registry.npmjs.org/@types%2fbent 338ms (from cache)
15 silly pacote tag manifest for @types/are-we-there-yet@ts3.6 fetched in 441ms
16 silly pacote tag manifest for @types/autosize@ts3.6 fetched in 420ms
17 silly pacote tag manifest for @types/assert-plus@ts3.6 fetched in 442ms
18 silly pacote tag manifest for @types/asn1@ts3.6 fetched in 450ms
19 silly pacote tag manifest for @types/aws4@ts3.6 fetched in 428ms
20 silly pacote tag manifest for @types/babel-plugin-syntax-jsx@ts3.6 fetched in 427ms
21 silly pacote tag manifest for @types/balanced-match@ts3.6 fetched in 423ms
22 silly pacote tag manifest for @types/bent@ts3.6 fetched in 448ms
23 http fetch GET 200 https://registry.npmjs.org/@types%2fbrace-expansion 94ms (from cache)
24 http fetch GET 200 https://registry.npmjs.org/@types%2fbuffer-crc32 94ms (from cache)
25 http fetch GET 200 https://registry.npmjs.org/@types%2fbindings 148ms (from cache)
26 http fetch GET 200 https://registry.npmjs.org/@types%2fbuffers 105ms (from cache)
27 http fetch GET 200 https://registry.npmjs.org/@types%2fbyline 105ms (from cache)
28 http fetch GET 200 https://registry.npmjs.org/@types%2fbytes 122ms (from cache)
29 silly pacote tag manifest for @types/buffer-crc32@ts3.6 fetched in 138ms
30 silly pacote tag manifest for @types/brace-expansion@ts3.6 fetched in 145ms
31 silly pacote tag manifest for @types/bindings@ts3.6 fetched in 202ms
32 silly pacote tag manifest for @types/buffers@ts3.6 fetched in 157ms
33 silly pacote tag manifest for @types/byline@ts3.6 fetched in 158ms
34 silly pacote tag manifest for @types/bytes@ts3.6 fetched in 172ms
35 http fetch GET 200 https://registry.npmjs.org/@types%2fchecksum 92ms (from cache)
36 http fetch GET 200 https://registry.npmjs.org/@types%2fchownr 98ms (from cache)
37 http fetch GET 200 https://registry.npmjs.org/@types%2fcolor-convert 87ms (from cache)
38 http fetch GET 200 https://registry.npmjs.org/@types%2fcombined-stream 86ms (from cache)
39 http fetch GET 200 https://registry.npmjs.org/@types%2fconcat-map 78ms (from cache)
40 silly pacote tag manifest for @types/checksum@ts3.6 fetched in 123ms
41 silly pacote tag manifest for @types/chownr@ts3.6 fetched in 122ms
42 silly pacote tag manifest for @types/color-convert@ts3.6 fetched in 132ms
43 silly pacote tag manifest for @types/combined-stream@ts3.6 fetched in 131ms
44 silly pacote tag manifest for @types/concat-map@ts3.6 fetched in 135ms
45 http fetch GET 304 https://registry.npmjs.org/@types%2fargparse 859ms (from cache)
46 http fetch GET 200 https://registry.npmjs.org/@types%2fcookie-signature 86ms (from cache)
47 silly pacote tag manifest for @types/argparse@ts3.6 fetched in 879ms
48 http fetch GET 200 https://registry.npmjs.org/@types%2fcss-to-react-native 77ms (from cache)
49 http fetch GET 304 https://registry.npmjs.org/@types%2fcaseless 385ms (from cache)
50 silly pacote tag manifest for @types/cookie-signature@ts3.6 fetched in 104ms
51 silly pacote tag manifest for @types/css-to-react-native@ts3.6 fetched in 97ms
52 silly pacote tag manifest for @types/caseless@ts3.6 fetched in 406ms
53 http fetch GET 200 https://registry.npmjs.org/@types%2fdashdash 33ms (from cache)
54 http fetch GET 304 https://registry.npmjs.org/@types%2fbody-parser 488ms (from cache)
55 http fetch GET 304 https://registry.npmjs.org/@types%2fcolor-name 288ms (from cache)
56 silly pacote tag manifest for @types/dashdash@ts3.6 fetched in 60ms
57 http fetch GET 200 https://registry.npmjs.org/@types%2fdecompress 44ms (from cache)
58 http fetch GET 200 https://registry.npmjs.org/@types%2fdeep-extend 43ms (from cache)
59 silly pacote tag manifest for @types/body-parser@ts3.6 fetched in 507ms
60 silly pacote tag manifest for @types/color-name@ts3.6 fetched in 304ms
61 silly pacote tag manifest for @types/decompress@ts3.6 fetched in 58ms
62 silly pacote tag manifest for @types/deep-extend@ts3.6 fetched in 64ms
63 http fetch GET 200 https://registry.npmjs.org/@types%2fdelegates 36ms (from cache)
64 silly registry:manifest no matching version for @types/delegates@ts3.6 in the cache. Forcing revalidation.
65 http fetch GET 200 https://registry.npmjs.org/@types%2fdepd 64ms (from cache)
66 http fetch GET 200 https://registry.npmjs.org/@types%2fdestroy 57ms (from cache)
67 http fetch GET 200 https://registry.npmjs.org/@types%2fdetect-libc 57ms (from cache)
68 silly pacote tag manifest for @types/destroy@ts3.6 fetched in 66ms
69 silly pacote tag manifest for @types/depd@ts3.6 fetched in 76ms
70 silly pacote tag manifest for @types/detect-libc@ts3.6 fetched in 74ms
71 http fetch GET 200 https://registry.npmjs.org/@types%2fdir-glob 38ms (from cache)
72 http fetch GET 200 https://registry.npmjs.org/@types%2fdompurify 41ms (from cache)
73 http fetch GET 200 https://registry.npmjs.org/@types%2fdrivelist 45ms (from cache)
74 silly pacote tag manifest for @types/dir-glob@ts3.6 fetched in 56ms
75 silly pacote tag manifest for @types/dompurify@ts3.6 fetched in 64ms
76 silly pacote tag manifest for @types/drivelist@ts3.6 fetched in 66ms
77 http fetch GET 304 https://registry.npmjs.org/@types%2fcookie 321ms (from cache)
78 silly pacote tag manifest for @types/cookie@ts3.6 fetched in 372ms
79 http fetch GET 200 https://registry.npmjs.org/@types%2fee-first 71ms (from cache)
80 http fetch GET 200 https://registry.npmjs.org/@types%2fencodeurl 74ms (from cache)
81 http fetch GET 200 https://registry.npmjs.org/@types%2fend-of-stream 73ms (from cache)
82 silly pacote tag manifest for @types/ee-first@ts3.6 fetched in 93ms
83 silly pacote tag manifest for @types/encodeurl@ts3.6 fetched in 90ms
84 silly pacote tag manifest for @types/end-of-stream@ts3.6 fetched in 100ms
85 http fetch GET 304 https://registry.npmjs.org/@types%2fdebug 323ms (from cache)
86 http fetch GET 200 https://registry.npmjs.org/@types%2fescape-html 57ms (from cache)
87 http fetch GET 200 https://registry.npmjs.org/@types%2fetag 76ms (from cache)
88 silly pacote tag manifest for @types/debug@ts3.6 fetched in 368ms
89 http fetch GET 200 https://registry.npmjs.org/@types%2fdelegates 296ms
90 silly pacote tag manifest for @types/escape-html@ts3.6 fetched in 116ms
91 http fetch GET 200 https://registry.npmjs.org/@types%2fevent-stream 86ms (from cache)
92 silly fetchPackageMetaData error for @types/delegates@ts3.6 No matching version found for @types/delegates@ts3.6.
93 http fetch GET 304 https://registry.npmjs.org/@types%2fdiff 323ms (from cache)
94 silly pacote tag manifest for @types/etag@ts3.6 fetched in 117ms
95 silly pacote tag manifest for @types/event-stream@ts3.6 fetched in 115ms
96 silly pacote tag manifest for @types/diff@ts3.6 fetched in 348ms
97 http fetch GET 200 https://registry.npmjs.org/@types%2fextend 63ms (from cache)
98 http fetch GET 200 https://registry.npmjs.org/@types%2fextsprintf 54ms (from cache)
99 http fetch GET 200 https://registry.npmjs.org/@types%2ffinalhandler 49ms (from cache)
100 http fetch GET 200 https://registry.npmjs.org/@types%2fforever-agent 46ms (from cache)
101 silly pacote tag manifest for @types/extend@ts3.6 fetched in 87ms
102 http fetch GET 200 https://registry.npmjs.org/@types%2fforwarded 46ms (from cache)
103 silly pacote tag manifest for @types/extsprintf@ts3.6 fetched in 76ms
104 http fetch GET 200 https://registry.npmjs.org/@types%2ffresh 39ms (from cache)
105 silly pacote tag manifest for @types/finalhandler@ts3.6 fetched in 73ms
106 silly pacote tag manifest for @types/forever-agent@ts3.6 fetched in 70ms
107 silly pacote tag manifest for @types/fresh@ts3.6 fetched in 62ms
108 silly pacote tag manifest for @types/forwarded@ts3.6 fetched in 73ms
109 http fetch GET 304 https://registry.npmjs.org/@types%2faccepts 1401ms (from cache)
110 http fetch GET 200 https://registry.npmjs.org/@types%2ffrom 45ms (from cache)
111 silly pacote tag manifest for @types/accepts@ts3.6 fetched in 1460ms
112 http fetch GET 200 https://registry.npmjs.org/@types%2ffs-extra 67ms (from cache)
113 silly pacote tag manifest for @types/from@ts3.6 fetched in 85ms
114 http fetch GET 200 https://registry.npmjs.org/@types%2fgauge 64ms (from cache)
115 http fetch GET 200 https://registry.npmjs.org/@types%2ffs-minipass 74ms (from cache)
116 silly registry:manifest no matching version for @types/gauge@ts3.6 in the cache. Forcing revalidation.
117 silly registry:manifest no matching version for @types/fs-minipass@ts3.6 in the cache. Forcing revalidation.
118 http fetch GET 200 https://registry.npmjs.org/@types%2fgetpass 65ms (from cache)
119 silly pacote tag manifest for @types/fs-extra@ts3.6 fetched in 95ms
120 silly pacote tag manifest for @types/getpass@ts3.6 fetched in 97ms
121 http fetch GET 304 https://registry.npmjs.org/@types%2fexpress 290ms (from cache)
122 http fetch GET 200 https://registry.npmjs.org/@types%2fimurmurhash 71ms (from cache)
123 silly pacote tag manifest for @types/express@ts3.6 fetched in 315ms
124 http fetch GET 200 https://registry.npmjs.org/@types%2finherits 91ms (from cache)
125 silly pacote tag manifest for @types/imurmurhash@ts3.6 fetched in 115ms
126 silly pacote tag manifest for @types/inherits@ts3.6 fetched in 139ms
127 http fetch GET 200 https://registry.npmjs.org/@types%2fis-natural-number 100ms (from cache)
128 http fetch GET 200 https://registry.npmjs.org/@types%2fis-typedarray 75ms (from cache)
129 silly pacote tag manifest for @types/is-natural-number@ts3.6 fetched in 136ms
130 http fetch GET 200 https://registry.npmjs.org/@types%2fisarray 62ms (from cache)
131 silly pacote tag manifest for @types/is-typedarray@ts3.6 fetched in 111ms
132 silly pacote tag manifest for @types/isarray@ts3.6 fetched in 82ms
133 http fetch GET 200 https://registry.npmjs.org/@types%2ffs-minipass 245ms
134 silly fetchPackageMetaData error for @types/fs-minipass@ts3.6 No matching version found for @types/fs-minipass@ts3.6.
135 http fetch GET 304 https://registry.npmjs.org/@types%2fgraceful-fs 316ms (from cache)
136 http fetch GET 200 https://registry.npmjs.org/@types%2fisexe 57ms (from cache)
137 silly pacote tag manifest for @types/graceful-fs@ts3.6 fetched in 343ms
138 silly pacote tag manifest for @types/isexe@ts3.6 fetched in 71ms
139 http fetch GET 304 https://registry.npmjs.org/@types%2fcontent-disposition 975ms (from cache)
140 http fetch GET 304 https://registry.npmjs.org/@types%2fhttp-errors 310ms (from cache)
141 http fetch GET 304 https://registry.npmjs.org/@types%2fcontent-type 974ms (from cache)
142 http fetch GET 200 https://registry.npmjs.org/@types%2fjsbn 56ms (from cache)
143 silly pacote tag manifest for @types/content-disposition@ts3.6 fetched in 996ms
144 silly pacote tag manifest for @types/http-errors@ts3.6 fetched in 331ms
145 silly pacote tag manifest for @types/content-type@ts3.6 fetched in 994ms
146 silly pacote tag manifest for @types/jsbn@ts3.6 fetched in 77ms
147 http fetch GET 304 https://registry.npmjs.org/@types%2fini 288ms (from cache)
148 silly pacote tag manifest for @types/ini@ts3.6 fetched in 343ms
149 http fetch GET 200 https://registry.npmjs.org/@types%2fjsprim 78ms (from cache)
150 silly registry:manifest no matching version for @types/jsprim@ts3.6 in the cache. Forcing revalidation.
151 http fetch GET 304 https://registry.npmjs.org/@types%2fisstream 250ms (from cache)
152 http fetch GET 304 https://registry.npmjs.org/@types%2fjson-schema 220ms (from cache)
153 http fetch GET 304 https://registry.npmjs.org/@types%2fjson-stringify-safe 202ms (from cache)
154 silly pacote tag manifest for @types/isstream@ts3.6 fetched in 262ms
155 http fetch GET 304 https://registry.npmjs.org/@types%2fjsonfile 209ms (from cache)
156 silly pacote tag manifest for @types/json-schema@ts3.6 fetched in 238ms
157 silly pacote tag manifest for @types/json-stringify-safe@ts3.6 fetched in 219ms
158 silly pacote tag manifest for @types/jsonfile@ts3.6 fetched in 227ms
159 http fetch GET 304 https://registry.npmjs.org/@types%2flinkify-it 195ms (from cache)
160 http fetch GET 200 https://registry.npmjs.org/@types%2flodash.throttle 40ms (from cache)
161 http fetch GET 304 https://registry.npmjs.org/@types%2flodash 213ms (from cache)
162 silly pacote tag manifest for @types/linkify-it@ts3.6 fetched in 225ms
163 http fetch GET 200 https://registry.npmjs.org/@types%2fmap-stream 44ms (from cache)
164 silly registry:manifest no matching version for @types/map-stream@ts3.6 in the cache. Forcing revalidation.
165 silly pacote tag manifest for @types/lodash@ts3.6 fetched in 244ms
166 silly pacote tag manifest for @types/lodash.throttle@ts3.6 fetched in 87ms
167 http fetch GET 200 https://registry.npmjs.org/@types%2fmdurl 61ms (from cache)
168 silly pacote tag manifest for @types/mdurl@ts3.6 fetched in 108ms
169 http fetch GET 200 https://registry.npmjs.org/@types%2fmedia-typer 96ms (from cache)
170 http fetch GET 200 https://registry.npmjs.org/@types%2fmerge-descriptors 78ms (from cache)
171 http fetch GET 200 https://registry.npmjs.org/@types%2fmethods 73ms (from cache)
172 silly pacote tag manifest for @types/media-typer@ts3.6 fetched in 114ms
173 http fetch GET 304 https://registry.npmjs.org/@types%2flodash.debounce 271ms (from cache)
174 silly pacote tag manifest for @types/merge-descriptors@ts3.6 fetched in 100ms
175 silly pacote tag manifest for @types/methods@ts3.6 fetched in 89ms
176 silly pacote tag manifest for @types/lodash.debounce@ts3.6 fetched in 288ms
177 http fetch GET 200 https://registry.npmjs.org/@types%2fmime-db 29ms (from cache)
178 http fetch GET 200 https://registry.npmjs.org/@types%2fmime-types 27ms (from cache)
179 silly pacote tag manifest for @types/mime-db@ts3.6 fetched in 38ms
180 http fetch GET 200 https://registry.npmjs.org/@types%2fminizlib 27ms (from cache)
181 silly pacote tag manifest for @types/mime-types@ts3.6 fetched in 40ms
182 http fetch GET 304 https://registry.npmjs.org/@types%2fmarkdown-it 203ms (from cache)
183 silly pacote tag manifest for @types/minizlib@ts3.6 fetched in 41ms
184 silly pacote tag manifest for @types/markdown-it@ts3.6 fetched in 226ms
185 http fetch GET 200 https://registry.npmjs.org/@types%2fnegotiator 57ms (from cache)
186 http fetch GET 200 https://registry.npmjs.org/@types%2fnested-error-stacks 54ms (from cache)
187 http fetch GET 200 https://registry.npmjs.org/@types%2fnode-abi 39ms (from cache)
188 silly pacote tag manifest for @types/negotiator@ts3.6 fetched in 72ms
189 silly pacote tag manifest for @types/nested-error-stacks@ts3.6 fetched in 72ms
190 silly pacote tag manifest for @types/node-abi@ts3.6 fetched in 57ms
191 http fetch GET 200 https://registry.npmjs.org/@types%2fgauge 831ms
192 silly fetchPackageMetaData error for @types/gauge@ts3.6 No matching version found for @types/gauge@ts3.6.
193 http fetch GET 200 https://registry.npmjs.org/@types%2fnpmlog 47ms (from cache)
194 http fetch GET 304 https://registry.npmjs.org/@types%2fmime 211ms (from cache)
195 http fetch GET 200 https://registry.npmjs.org/@types%2fnumber-is-nan 51ms (from cache)
196 silly pacote tag manifest for @types/npmlog@ts3.6 fetched in 63ms
197 silly pacote tag manifest for @types/mime@ts3.6 fetched in 233ms
198 silly pacote tag manifest for @types/number-is-nan@ts3.6 fetched in 70ms
199 http fetch GET 304 https://registry.npmjs.org/@types%2fminimist 205ms (from cache)
200 http fetch GET 200 https://registry.npmjs.org/@types%2fon-finished 39ms (from cache)
201 http fetch GET 200 https://registry.npmjs.org/@types%2fonce 37ms (from cache)
202 http fetch GET 304 https://registry.npmjs.org/@types%2fms 201ms (from cache)
203 silly pacote tag manifest for @types/minimist@ts3.6 fetched in 235ms
204 silly pacote tag manifest for @types/on-finished@ts3.6 fetched in 68ms
205 http fetch GET 200 https://registry.npmjs.org/@types%2foptimist 46ms (from cache)
206 http fetch GET 200 https://registry.npmjs.org/@types%2foniguruma 48ms (from cache)
207 silly pacote tag manifest for @types/once@ts3.6 fetched in 63ms
208 silly pacote tag manifest for @types/ms@ts3.6 fetched in 225ms
209 silly pacote tag manifest for @types/optimist@ts3.6 fetched in 67ms
210 silly pacote tag manifest for @types/oniguruma@ts3.6 fetched in 72ms
211 http fetch GET 200 https://registry.npmjs.org/@types%2fos-homedir 38ms (from cache)
212 http fetch GET 200 https://registry.npmjs.org/@types%2fparseurl 42ms (from cache)
213 silly pacote tag manifest for @types/os-homedir@ts3.6 fetched in 66ms
214 http fetch GET 200 https://registry.npmjs.org/@types%2fpath-is-absolute 50ms (from cache)
215 silly pacote tag manifest for @types/parseurl@ts3.6 fetched in 66ms
216 http fetch GET 200 https://registry.npmjs.org/@types%2fpdfobject 64ms (from cache)
217 http fetch GET 200 https://registry.npmjs.org/@types%2fpify 59ms (from cache)
218 http fetch GET 200 https://registry.npmjs.org/@types%2fprogress 60ms (from cache)
219 silly pacote tag manifest for @types/path-is-absolute@ts3.6 fetched in 83ms
220 silly pacote tag manifest for @types/pdfobject@ts3.6 fetched in 84ms
221 silly pacote tag manifest for @types/pify@ts3.6 fetched in 86ms
222 silly pacote tag manifest for @types/progress@ts3.6 fetched in 85ms
223 http fetch GET 200 https://registry.npmjs.org/@types%2fproxy-addr 49ms (from cache)
224 http fetch GET 304 https://registry.npmjs.org/@types%2flodash.clonedeep 720ms (from cache)
225 http fetch GET 200 https://registry.npmjs.org/@types%2fproxy-from-env 31ms (from cache)
226 silly pacote tag manifest for @types/proxy-addr@ts3.6 fetched in 68ms
227 http fetch GET 200 https://registry.npmjs.org/@types%2fps-tree 35ms (from cache)
228 silly pacote tag manifest for @types/lodash.clonedeep@ts3.6 fetched in 740ms
229 http fetch GET 200 https://registry.npmjs.org/@types%2fpsl 39ms (from cache)
230 silly pacote tag manifest for @types/proxy-from-env@ts3.6 fetched in 51ms
231 http fetch GET 200 https://registry.npmjs.org/@types%2fpump 41ms (from cache)
232 silly pacote tag manifest for @types/ps-tree@ts3.6 fetched in 71ms
233 silly pacote tag manifest for @types/psl@ts3.6 fetched in 89ms
234 silly pacote tag manifest for @types/pump@ts3.6 fetched in 97ms
235 http fetch GET 200 https://registry.npmjs.org/@types%2fpunycode 72ms (from cache)
236 http fetch GET 200 https://registry.npmjs.org/@types%2fqs 76ms (from cache)
237 silly pacote tag manifest for @types/punycode@ts3.6 fetched in 96ms
238 http fetch GET 200 https://registry.npmjs.org/@types%2frc 60ms (from cache)
239 silly pacote tag manifest for @types/qs@ts3.6 fetched in 115ms
240 http fetch GET 200 https://registry.npmjs.org/@types%2freact-dom 65ms (from cache)
241 http fetch GET 200 https://registry.npmjs.org/@types%2freact 89ms (from cache)
242 silly pacote tag manifest for @types/rc@ts3.6 fetched in 139ms
243 silly pacote tag manifest for @types/react-dom@ts3.6 fetched in 128ms
244 silly pacote tag manifest for @types/react@ts3.6 fetched in 147ms
245 http fetch GET 200 https://registry.npmjs.org/@types%2fmap-stream 725ms
246 silly fetchPackageMetaData error for @types/map-stream@ts3.6 No matching version found for @types/map-stream@ts3.6.
247 http fetch GET 200 https://registry.npmjs.org/@types%2freact-lifecycles-compat 112ms (from cache)
248 http fetch GET 304 https://registry.npmjs.org/@types%2fprop-types 334ms (from cache)
249 silly pacote tag manifest for @types/react-lifecycles-compat@ts3.6 fetched in 137ms
250 http fetch GET 200 https://registry.npmjs.org/@types%2fjsprim 928ms
251 http fetch GET 200 https://registry.npmjs.org/@types%2fregenerator-runtime 55ms (from cache)
252 http fetch GET 200 https://registry.npmjs.org/@types%2freadable-stream 59ms (from cache)
253 silly fetchPackageMetaData error for @types/jsprim@ts3.6 No matching version found for @types/jsprim@ts3.6.
254 silly pacote tag manifest for @types/prop-types@ts3.6 fetched in 365ms
255 silly pacote tag manifest for @types/regenerator-runtime@ts3.6 fetched in 79ms
256 silly pacote tag manifest for @types/readable-stream@ts3.6 fetched in 84ms
257 http fetch GET 200 https://registry.npmjs.org/@types%2frequestretry 50ms (from cache)
258 http fetch GET 200 https://registry.npmjs.org/@types%2frequire-directory 51ms (from cache)
259 http fetch GET 200 https://registry.npmjs.org/@types%2froute-parser 53ms (from cache)
260 silly pacote tag manifest for @types/requestretry@ts3.6 fetched in 77ms
261 http fetch GET 304 https://registry.npmjs.org/@types%2frange-parser 323ms (from cache)
262 http fetch GET 200 https://registry.npmjs.org/@types%2fsafer-buffer 53ms (from cache)
263 silly pacote tag manifest for @types/require-directory@ts3.6 fetched in 70ms
264 silly pacote tag manifest for @types/route-parser@ts3.6 fetched in 73ms
265 silly pacote tag manifest for @types/range-parser@ts3.6 fetched in 340ms
266 silly pacote tag manifest for @types/safer-buffer@ts3.6 fetched in 74ms
267 http fetch GET 304 https://registry.npmjs.org/@types%2freact-is 302ms (from cache)
268 http fetch GET 200 https://registry.npmjs.org/@types%2fset-blocking 30ms (from cache)
269 silly pacote tag manifest for @types/react-is@ts3.6 fetched in 309ms
270 silly registry:manifest no matching version for @types/set-blocking@ts3.6 in the cache. Forcing revalidation.
271 http fetch GET 304 https://registry.npmjs.org/@types%2freact-virtualized 223ms (from cache)
272 http fetch GET 304 https://registry.npmjs.org/@types%2frequest 194ms (from cache)
273 silly pacote tag manifest for @types/react-virtualized@ts3.6 fetched in 259ms
274 silly pacote tag manifest for @types/request@ts3.6 fetched in 229ms
275 http fetch GET 200 https://registry.npmjs.org/@types%2fshowdown 63ms (from cache)
276 silly pacote tag manifest for @types/showdown@ts3.6 fetched in 100ms
277 http fetch GET 200 https://registry.npmjs.org/@types%2fsignal-exit 94ms (from cache)
278 http fetch GET 200 https://registry.npmjs.org/@types%2fsimple-get 121ms (from cache)
279 silly registry:manifest no matching version for @types/simple-get@ts3.6 in the cache. Forcing revalidation.
280 silly pacote tag manifest for @types/signal-exit@ts3.6 fetched in 148ms
281 http fetch GET 200 https://registry.npmjs.org/@types%2fsplit 91ms (from cache)
282 silly pacote tag manifest for @types/split@ts3.6 fetched in 103ms
283 http fetch GET 304 https://registry.npmjs.org/@types%2fscheduler 282ms (from cache)
284 http fetch GET 304 https://registry.npmjs.org/@types%2fsemver 280ms (from cache)
285 http fetch GET 200 https://registry.npmjs.org/@types%2fsprintf 29ms (from cache)
286 http fetch GET 304 https://registry.npmjs.org/@types%2fsend 275ms (from cache)
287 silly pacote tag manifest for @types/scheduler@ts3.6 fetched in 298ms
288 http fetch GET 304 https://registry.npmjs.org/@types%2fserve-static 286ms (from cache)
289 http fetch GET 304 https://registry.npmjs.org/@types%2fobject-assign 918ms (from cache)
290 silly pacote tag manifest for @types/semver@ts3.6 fetched in 307ms
291 silly pacote tag manifest for @types/sprintf@ts3.6 fetched in 64ms
292 silly pacote tag manifest for @types/send@ts3.6 fetched in 311ms
293 http fetch GET 200 https://registry.npmjs.org/@types%2fsprintf-js 50ms (from cache)
294 silly pacote tag manifest for @types/serve-static@ts3.6 fetched in 321ms
295 silly pacote tag manifest for @types/object-assign@ts3.6 fetched in 956ms
296 http fetch GET 200 https://registry.npmjs.org/@types%2fsshpk 69ms (from cache)
297 silly pacote tag manifest for @types/sprintf-js@ts3.6 fetched in 91ms
298 http fetch GET 200 https://registry.npmjs.org/@types%2fstatuses 65ms (from cache)
299 silly pacote tag manifest for @types/sshpk@ts3.6 fetched in 92ms
300 http fetch GET 200 https://registry.npmjs.org/@types%2ftar 65ms (from cache)
301 http fetch GET 200 https://registry.npmjs.org/@types%2ftar-fs 62ms (from cache)
302 silly pacote tag manifest for @types/statuses@ts3.6 fetched in 99ms
303 http fetch GET 200 https://registry.npmjs.org/@types%2ftar-stream 52ms (from cache)
304 silly pacote tag manifest for @types/tar@ts3.6 fetched in 87ms
305 silly pacote tag manifest for @types/tar-fs@ts3.6 fetched in 83ms
306 silly pacote tag manifest for @types/tar-stream@ts3.6 fetched in 87ms
307 http fetch GET 200 https://registry.npmjs.org/@types%2ftoidentifier 70ms (from cache)
308 silly registry:manifest no matching version for @types/toidentifier@ts3.6 in the cache. Forcing revalidation.
309 http fetch GET 200 https://registry.npmjs.org/@types%2ftraverse 123ms (from cache)
310 http fetch GET 200 https://registry.npmjs.org/@types%2ftype-is 111ms (from cache)
311 silly pacote tag manifest for @types/traverse@ts3.6 fetched in 164ms
312 silly pacote tag manifest for @types/type-is@ts3.6 fetched in 150ms
313 http fetch GET 200 https://registry.npmjs.org/@types%2fsimple-get 401ms
314 http fetch GET 200 https://registry.npmjs.org/@types%2funbzip2-stream 40ms (from cache)
315 silly registry:manifest no matching version for @types/unbzip2-stream@ts3.6 in the cache. Forcing revalidation.
316 silly fetchPackageMetaData error for @types/simple-get@ts3.6 No matching version found for @types/simple-get@ts3.6.
317 http fetch GET 304 https://registry.npmjs.org/@types%2fsupports-color 324ms (from cache)
318 http fetch GET 200 https://registry.npmjs.org/@types%2funiversalify 40ms (from cache)
319 http fetch GET 304 https://registry.npmjs.org/@types%2fstyled-components 345ms (from cache)
320 silly pacote tag manifest for @types/supports-color@ts3.6 fetched in 342ms
321 silly pacote tag manifest for @types/universalify@ts3.6 fetched in 72ms
322 http fetch GET 304 https://registry.npmjs.org/@types%2fthrough 296ms (from cache)
323 silly pacote tag manifest for @types/styled-components@ts3.6 fetched in 377ms
324 http fetch GET 200 https://registry.npmjs.org/@types%2funzip-stream 46ms (from cache)
325 http fetch GET 304 https://registry.npmjs.org/@types%2ftough-cookie 285ms (from cache)
326 silly pacote tag manifest for @types/through@ts3.6 fetched in 330ms
327 http fetch GET 200 https://registry.npmjs.org/@types%2fuser-home 60ms (from cache)
328 silly pacote tag manifest for @types/unzip-stream@ts3.6 fetched in 83ms
329 silly pacote tag manifest for @types/tough-cookie@ts3.6 fetched in 317ms
330 http fetch GET 200 https://registry.npmjs.org/@types%2futil-deprecate 55ms (from cache)
331 silly pacote tag manifest for @types/user-home@ts3.6 fetched in 81ms
332 http fetch GET 200 https://registry.npmjs.org/@types%2futils-merge 54ms (from cache)
333 silly pacote tag manifest for @types/util-deprecate@ts3.6 fetched in 91ms
334 silly pacote tag manifest for @types/utils-merge@ts3.6 fetched in 101ms
335 http fetch GET 200 https://registry.npmjs.org/@types%2fvary 67ms (from cache)
336 silly pacote tag manifest for @types/vary@ts3.6 fetched in 85ms
337 http fetch GET 200 https://registry.npmjs.org/@types%2fvhost 65ms (from cache)
338 http fetch GET 200 https://registry.npmjs.org/@types%2fwhen 43ms (from cache)
339 silly pacote tag manifest for @types/vhost@ts3.6 fetched in 89ms
340 http fetch GET 304 https://registry.npmjs.org/@types%2fsanitize-html 912ms (from cache)
341 silly pacote tag manifest for @types/when@ts3.6 fetched in 70ms
342 http fetch GET 200 https://registry.npmjs.org/@types%2fwhich-pm-runs 45ms (from cache)
343 silly pacote tag manifest for @types/sanitize-html@ts3.6 fetched in 932ms
344 http fetch GET 200 https://registry.npmjs.org/@types%2fset-blocking 824ms
345 silly fetchPackageMetaData error for @types/set-blocking@ts3.6 No matching version found for @types/set-blocking@ts3.6.
346 http fetch GET 200 https://registry.npmjs.org/@types%2ftoidentifier 401ms
347 silly fetchPackageMetaData error for @types/toidentifier@ts3.6 No matching version found for @types/toidentifier@ts3.6.
348 silly pacote tag manifest for @types/which-pm-runs@ts3.6 fetched in 74ms
349 http fetch GET 200 https://registry.npmjs.org/@types%2fwordwrap 52ms (from cache)
350 silly pacote tag manifest for @types/wordwrap@ts3.6 fetched in 70ms
351 http fetch GET 200 https://registry.npmjs.org/@types%2fxtend 42ms (from cache)
352 http fetch GET 200 https://registry.npmjs.org/@types%2fyallist 36ms (from cache)
353 http fetch GET 304 https://registry.npmjs.org/@types%2fuuid 217ms (from cache)
354 silly pacote tag manifest for @types/xtend@ts3.6 fetched in 61ms
355 silly pacote tag manifest for @types/yallist@ts3.6 fetched in 49ms
356 silly pacote tag manifest for @types/uuid@ts3.6 fetched in 227ms
357 http fetch GET 304 https://registry.npmjs.org/@types%2fverror 214ms (from cache)
358 silly pacote tag manifest for @types/verror@ts3.6 fetched in 222ms
359 http fetch GET 304 https://registry.npmjs.org/@types%2fwrap-ansi 108ms (from cache)
360 silly pacote tag manifest for @types/wrap-ansi@ts3.6 fetched in 112ms
361 http fetch GET 304 https://registry.npmjs.org/@types%2fws 100ms (from cache)
362 silly pacote tag manifest for @types/ws@ts3.6 fetched in 108ms
363 http fetch GET 304 https://registry.npmjs.org/@types%2fyargs 111ms (from cache)
364 http fetch GET 304 https://registry.npmjs.org/@types%2fyauzl 104ms (from cache)
365 silly pacote tag manifest for @types/yargs@ts3.6 fetched in 122ms
366 silly pacote tag manifest for @types/yauzl@ts3.6 fetched in 109ms
367 http fetch GET 200 https://registry.npmjs.org/@types%2funbzip2-stream 499ms
368 silly fetchPackageMetaData error for @types/unbzip2-stream@ts3.6 No matching version found for @types/unbzip2-stream@ts3.6.
369 http fetch GET 304 https://registry.npmjs.org/@types%2fwhich 516ms (from cache)
370 silly pacote tag manifest for @types/which@ts3.6 fetched in 525ms
371 timing stage:rollbackFailedOptional Completed in 7ms
372 timing stage:runTopLevelLifecycles Completed in 4463ms
373 verbose type tag
374 verbose stack @types/delegates: No matching version found for @types/delegates@ts3.6.
374 verbose stack     at pickManifest (/usr/local/lib/node_modules/npm/node_modules/npm-pick-manifest/index.js:122:13)
374 verbose stack     at /usr/local/lib/node_modules/npm/node_modules/pacote/lib/fetchers/registry/manifest.js:43:18
374 verbose stack     at tryCatcher (/usr/local/lib/node_modules/npm/node_modules/bluebird/js/release/util.js:16:23)
374 verbose stack     at Promise._settlePromiseFromHandler (/usr/local/lib/node_modules/npm/node_modules/bluebird/js/release/promise.js:517:31)
374 verbose stack     at Promise._settlePromise (/usr/local/lib/node_modules/npm/node_modules/bluebird/js/release/promise.js:574:18)
374 verbose stack     at Promise._settlePromise0 (/usr/local/lib/node_modules/npm/node_modules/bluebird/js/release/promise.js:619:10)
374 verbose stack     at Promise._settlePromises (/usr/local/lib/node_modules/npm/node_modules/bluebird/js/release/promise.js:699:18)
374 verbose stack     at _drainQueueStep (/usr/local/lib/node_modules/npm/node_modules/bluebird/js/release/async.js:138:12)
374 verbose stack     at _drainQueue (/usr/local/lib/node_modules/npm/node_modules/bluebird/js/release/async.js:131:9)
374 verbose stack     at Async._drainQueues (/usr/local/lib/node_modules/npm/node_modules/bluebird/js/release/async.js:147:5)
374 verbose stack     at Immediate.Async.drainQueues [as _onImmediate] (/usr/local/lib/node_modules/npm/node_modules/bluebird/js/release/async.js:17:14)
374 verbose stack     at processImmediate (internal/timers.js:456:21)
375 verbose cwd /home/theia/.cache/typescript/3.6
376 verbose Linux 6.4.16-linuxkit
377 verbose argv "/usr/local/bin/node" "/usr/local/bin/npm" "install" "--ignore-scripts" "@types/accepts@ts3.6" "@types/are-we-there-yet@ts3.6" "@types/argparse@ts3.6" "@types/asn1@ts3.6" "@types/assert-plus@ts3.6" "@types/autosize@ts3.6" "@types/aws4@ts3.6" "@types/babel-plugin-syntax-jsx@ts3.6" "@types/balanced-match@ts3.6" "@types/bent@ts3.6" "@types/bindings@ts3.6" "@types/body-parser@ts3.6" "@types/brace-expansion@ts3.6" "@types/buffer-crc32@ts3.6" "@types/buffers@ts3.6" "@types/byline@ts3.6" "@types/bytes@ts3.6" "@types/caseless@ts3.6" "@types/checksum@ts3.6" "@types/chownr@ts3.6" "@types/color-convert@ts3.6" "@types/color-name@ts3.6" "@types/combined-stream@ts3.6" "@types/concat-map@ts3.6" "@types/content-disposition@ts3.6" "@types/content-type@ts3.6" "@types/cookie@ts3.6" "@types/cookie-signature@ts3.6" "@types/css-to-react-native@ts3.6" "@types/dashdash@ts3.6" "@types/debug@ts3.6" "@types/decompress@ts3.6" "@types/deep-extend@ts3.6" "@types/delegates@ts3.6" "@types/depd@ts3.6" "@types/destroy@ts3.6" "@types/detect-libc@ts3.6" "@types/diff@ts3.6" "@types/dir-glob@ts3.6" "@types/dompurify@ts3.6" "@types/drivelist@ts3.6" "@types/ee-first@ts3.6" "@types/encodeurl@ts3.6" "@types/end-of-stream@ts3.6" "@types/escape-html@ts3.6" "@types/etag@ts3.6" "@types/event-stream@ts3.6" "@types/express@ts3.6" "@types/extend@ts3.6" "@types/extsprintf@ts3.6" "@types/finalhandler@ts3.6" "@types/forever-agent@ts3.6" "@types/forwarded@ts3.6" "@types/fresh@ts3.6" "@types/from@ts3.6" "@types/fs-extra@ts3.6" "@types/fs-minipass@ts3.6" "@types/gauge@ts3.6" "@types/getpass@ts3.6" "@types/graceful-fs@ts3.6" "@types/http-errors@ts3.6" "@types/imurmurhash@ts3.6" "@types/inherits@ts3.6" "@types/ini@ts3.6" "@types/is-natural-number@ts3.6" "@types/is-typedarray@ts3.6" "@types/isarray@ts3.6" "@types/isexe@ts3.6" "@types/isstream@ts3.6" "@types/jsbn@ts3.6" "@types/json-schema@ts3.6" "@types/json-stringify-safe@ts3.6" "@types/jsonfile@ts3.6" "@types/jsprim@ts3.6" "@types/linkify-it@ts3.6" "@types/lodash@ts3.6" "@types/lodash.clonedeep@ts3.6" "@types/lodash.debounce@ts3.6" "@types/lodash.throttle@ts3.6" "@types/map-stream@ts3.6" "@types/markdown-it@ts3.6" "@types/mdurl@ts3.6" "@types/media-typer@ts3.6" "@types/merge-descriptors@ts3.6" "@types/methods@ts3.6" "@types/mime@ts3.6" "@types/mime-db@ts3.6" "@types/mime-types@ts3.6" "@types/minimist@ts3.6" "@types/minizlib@ts3.6" "@types/ms@ts3.6" "@types/negotiator@ts3.6" "@types/nested-error-stacks@ts3.6" "@types/node-abi@ts3.6" "@types/npmlog@ts3.6" "@types/number-is-nan@ts3.6" "@types/object-assign@ts3.6" "@types/on-finished@ts3.6" "@types/once@ts3.6" "@types/oniguruma@ts3.6" "@types/optimist@ts3.6" "@types/os-homedir@ts3.6" "@types/parseurl@ts3.6" "@types/path-is-absolute@ts3.6" "@types/pdfobject@ts3.6" "@types/pify@ts3.6" "@types/progress@ts3.6" "@types/prop-types@ts3.6" "@types/proxy-addr@ts3.6" "@types/proxy-from-env@ts3.6" "@types/ps-tree@ts3.6" "@types/psl@ts3.6" "@types/pump@ts3.6" "@types/punycode@ts3.6" "@types/qs@ts3.6" "@types/range-parser@ts3.6" "@types/rc@ts3.6" "@types/react@ts3.6" "@types/react-dom@ts3.6" "@types/react-is@ts3.6" "@types/react-lifecycles-compat@ts3.6" "@types/react-virtualized@ts3.6" "@types/readable-stream@ts3.6" "@types/regenerator-runtime@ts3.6" "@types/request@ts3.6" "@types/requestretry@ts3.6" "@types/require-directory@ts3.6" "@types/route-parser@ts3.6" "@types/safer-buffer@ts3.6" "@types/sanitize-html@ts3.6" "@types/scheduler@ts3.6" "@types/semver@ts3.6" "@types/send@ts3.6" "@types/serve-static@ts3.6" "@types/set-blocking@ts3.6" "@types/showdown@ts3.6" "@types/signal-exit@ts3.6" "@types/simple-get@ts3.6" "@types/split@ts3.6" "@types/sprintf@ts3.6" "@types/sprintf-js@ts3.6" "@types/sshpk@ts3.6" "@types/statuses@ts3.6" "@types/styled-components@ts3.6" "@types/supports-color@ts3.6" "@types/tar@ts3.6" "@types/tar-fs@ts3.6" "@types/tar-stream@ts3.6" "@types/through@ts3.6" "@types/toidentifier@ts3.6" "@types/tough-cookie@ts3.6" "@types/traverse@ts3.6" "@types/type-is@ts3.6" "@types/unbzip2-stream@ts3.6" "@types/universalify@ts3.6" "@types/unzip-stream@ts3.6" "@types/user-home@ts3.6" "@types/util-deprecate@ts3.6" "@types/utils-merge@ts3.6" "@types/uuid@ts3.6" "@types/vary@ts3.6" "@types/verror@ts3.6" "@types/vhost@ts3.6" "@types/when@ts3.6" "@types/which@ts3.6" "@types/which-pm-runs@ts3.6" "@types/wordwrap@ts3.6" "@types/wrap-ansi@ts3.6" "@types/ws@ts3.6" "@types/xtend@ts3.6" "@types/yallist@ts3.6" "@types/yargs@ts3.6" "@types/yauzl@ts3.6" "--save-dev" "--user-agent=typesInstaller/3.6.3"
378 verbose node v12.18.3
379 verbose npm  v6.14.6
380 error code ETARGET
381 error notarget No matching version found for @types/delegates@ts3.6.
382 error notarget In most cases you or one of your dependencies are requesting
382 error notarget a package version that doesn't exist.
383 verbose exit [ 1, true ]
