0 info it worked if it ends with ok
1 verbose cli [
1 verbose cli   '/usr/local/bin/node',
1 verbose cli   '/usr/local/bin/npm',
1 verbose cli   'install',
1 verbose cli   '--ignore-scripts',
1 verbose cli   '@types/accepts@ts3.6',
1 verbose cli   '@types/are-we-there-yet@ts3.6',
1 verbose cli   '@types/argparse@ts3.6',
1 verbose cli   '@types/asn1@ts3.6',
1 verbose cli   '@types/assert-plus@ts3.6',
1 verbose cli   '@types/autosize@ts3.6',
1 verbose cli   '@types/aws4@ts3.6',
1 verbose cli   '@types/babel-plugin-syntax-jsx@ts3.6',
1 verbose cli   '@types/balanced-match@ts3.6',
1 verbose cli   '@types/bent@ts3.6',
1 verbose cli   '@types/bindings@ts3.6',
1 verbose cli   '@types/body-parser@ts3.6',
1 verbose cli   '@types/brace-expansion@ts3.6',
1 verbose cli   '@types/buffer-crc32@ts3.6',
1 verbose cli   '@types/buffers@ts3.6',
1 verbose cli   '@types/byline@ts3.6',
1 verbose cli   '@types/bytes@ts3.6',
1 verbose cli   '@types/caseless@ts3.6',
1 verbose cli   '@types/checksum@ts3.6',
1 verbose cli   '@types/chownr@ts3.6',
1 verbose cli   '@types/color-convert@ts3.6',
1 verbose cli   '@types/color-name@ts3.6',
1 verbose cli   '@types/combined-stream@ts3.6',
1 verbose cli   '@types/concat-map@ts3.6',
1 verbose cli   '@types/content-disposition@ts3.6',
1 verbose cli   '@types/content-type@ts3.6',
1 verbose cli   '@types/cookie@ts3.6',
1 verbose cli   '@types/cookie-signature@ts3.6',
1 verbose cli   '@types/css-to-react-native@ts3.6',
1 verbose cli   '@types/dashdash@ts3.6',
1 verbose cli   '@types/debug@ts3.6',
1 verbose cli   '@types/decompress@ts3.6',
1 verbose cli   '@types/deep-extend@ts3.6',
1 verbose cli   '@types/delegates@ts3.6',
1 verbose cli   '@types/depd@ts3.6',
1 verbose cli   '@types/destroy@ts3.6',
1 verbose cli   '@types/detect-libc@ts3.6',
1 verbose cli   '@types/diff@ts3.6',
1 verbose cli   '@types/dir-glob@ts3.6',
1 verbose cli   '@types/dompurify@ts3.6',
1 verbose cli   '@types/drivelist@ts3.6',
1 verbose cli   '@types/ee-first@ts3.6',
1 verbose cli   '@types/encodeurl@ts3.6',
1 verbose cli   '@types/end-of-stream@ts3.6',
1 verbose cli   '@types/escape-html@ts3.6',
1 verbose cli   '@types/etag@ts3.6',
1 verbose cli   '@types/event-stream@ts3.6',
1 verbose cli   '@types/express@ts3.6',
1 verbose cli   '@types/extend@ts3.6',
1 verbose cli   '@types/extsprintf@ts3.6',
1 verbose cli   '@types/finalhandler@ts3.6',
1 verbose cli   '@types/forever-agent@ts3.6',
1 verbose cli   '@types/forwarded@ts3.6',
1 verbose cli   '@types/fresh@ts3.6',
1 verbose cli   '@types/from@ts3.6',
1 verbose cli   '@types/fs-extra@ts3.6',
1 verbose cli   '@types/fs-minipass@ts3.6',
1 verbose cli   '@types/gauge@ts3.6',
1 verbose cli   '@types/getpass@ts3.6',
1 verbose cli   '@types/graceful-fs@ts3.6',
1 verbose cli   '@types/http-errors@ts3.6',
1 verbose cli   '@types/imurmurhash@ts3.6',
1 verbose cli   '@types/inherits@ts3.6',
1 verbose cli   '@types/ini@ts3.6',
1 verbose cli   '@types/is-natural-number@ts3.6',
1 verbose cli   '@types/is-typedarray@ts3.6',
1 verbose cli   '@types/isarray@ts3.6',
1 verbose cli   '@types/isexe@ts3.6',
1 verbose cli   '@types/isstream@ts3.6',
1 verbose cli   '@types/jsbn@ts3.6',
1 verbose cli   '@types/json-schema@ts3.6',
1 verbose cli   '@types/json-stringify-safe@ts3.6',
1 verbose cli   '@types/jsonfile@ts3.6',
1 verbose cli   '@types/jsprim@ts3.6',
1 verbose cli   '@types/linkify-it@ts3.6',
1 verbose cli   '@types/lodash@ts3.6',
1 verbose cli   '@types/lodash.clonedeep@ts3.6',
1 verbose cli   '@types/lodash.debounce@ts3.6',
1 verbose cli   '@types/lodash.throttle@ts3.6',
1 verbose cli   '@types/map-stream@ts3.6',
1 verbose cli   '@types/markdown-it@ts3.6',
1 verbose cli   '@types/mdurl@ts3.6',
1 verbose cli   '@types/media-typer@ts3.6',
1 verbose cli   '@types/merge-descriptors@ts3.6',
1 verbose cli   '@types/methods@ts3.6',
1 verbose cli   '@types/mime@ts3.6',
1 verbose cli   '@types/mime-db@ts3.6',
1 verbose cli   '@types/mime-types@ts3.6',
1 verbose cli   '@types/minimist@ts3.6',
1 verbose cli   '@types/minizlib@ts3.6',
1 verbose cli   '@types/ms@ts3.6',
1 verbose cli   '@types/negotiator@ts3.6',
1 verbose cli   '@types/nested-error-stacks@ts3.6',
1 verbose cli   '@types/node-abi@ts3.6',
1 verbose cli   '@types/npmlog@ts3.6',
1 verbose cli   '@types/number-is-nan@ts3.6',
1 verbose cli   ... 79 more items
1 verbose cli ]
2 info using npm@6.14.6
3 info using node@v12.18.3
4 verbose npm-session 6b6deec74174dd9a
5 silly install loadCurrentTree
6 silly install readLocalPackageData
7 http fetch GET 304 https://registry.npmjs.org/@types%2fargparse 661ms (from cache)
8 http fetch GET 304 https://registry.npmjs.org/@types%2fbalanced-match 618ms (from cache)
9 http fetch GET 304 https://registry.npmjs.org/@types%2fasn1 661ms (from cache)
10 http fetch GET 304 https://registry.npmjs.org/@types%2faccepts 690ms (from cache)
11 silly pacote tag manifest for @types/argparse@ts3.6 fetched in 682ms
12 silly pacote tag manifest for @types/balanced-match@ts3.6 fetched in 651ms
13 silly pacote tag manifest for @types/asn1@ts3.6 fetched in 700ms
14 silly pacote tag manifest for @types/accepts@ts3.6 fetched in 741ms
15 http fetch GET 304 https://registry.npmjs.org/@types%2faws4 738ms (from cache)
16 http fetch GET 304 https://registry.npmjs.org/@types%2fassert-plus 758ms (from cache)
17 silly pacote tag manifest for @types/aws4@ts3.6 fetched in 746ms
18 silly pacote tag manifest for @types/assert-plus@ts3.6 fetched in 773ms
19 http fetch GET 304 https://registry.npmjs.org/@types%2fbody-parser 125ms (from cache)
20 http fetch GET 304 https://registry.npmjs.org/@types%2fbindings 133ms (from cache)
21 silly pacote tag manifest for @types/body-parser@ts3.6 fetched in 132ms
22 silly pacote tag manifest for @types/bindings@ts3.6 fetched in 142ms
23 http fetch GET 304 https://registry.npmjs.org/@types%2fbytes 86ms (from cache)
24 http fetch GET 304 https://registry.npmjs.org/@types%2fcaseless 85ms (from cache)
25 silly pacote tag manifest for @types/bytes@ts3.6 fetched in 92ms
26 silly pacote tag manifest for @types/caseless@ts3.6 fetched in 91ms
27 http fetch GET 304 https://registry.npmjs.org/@types%2fare-we-there-yet 980ms (from cache)
28 silly pacote tag manifest for @types/are-we-there-yet@ts3.6 fetched in 985ms
29 http fetch GET 304 https://registry.npmjs.org/@types%2fbabel-plugin-syntax-jsx 986ms (from cache)
30 silly pacote tag manifest for @types/babel-plugin-syntax-jsx@ts3.6 fetched in 991ms
31 http fetch GET 304 https://registry.npmjs.org/@types%2fcolor-convert 95ms (from cache)
32 silly pacote tag manifest for @types/color-convert@ts3.6 fetched in 101ms
33 http fetch GET 304 https://registry.npmjs.org/@types%2fcolor-name 77ms (from cache)
34 silly pacote tag manifest for @types/color-name@ts3.6 fetched in 81ms
35 http fetch GET 304 https://registry.npmjs.org/@types%2fconcat-map 68ms (from cache)
36 silly pacote tag manifest for @types/concat-map@ts3.6 fetched in 71ms
37 http fetch GET 304 https://registry.npmjs.org/@types%2fbent 1157ms (from cache)
38 silly pacote tag manifest for @types/bent@ts3.6 fetched in 1162ms
39 http fetch GET 304 https://registry.npmjs.org/@types%2fautosize 1240ms (from cache)
40 http fetch GET 304 https://registry.npmjs.org/@types%2fcontent-disposition 89ms (from cache)
41 silly pacote tag manifest for @types/autosize@ts3.6 fetched in 1245ms
42 silly pacote tag manifest for @types/content-disposition@ts3.6 fetched in 96ms
43 http fetch GET 304 https://registry.npmjs.org/@types%2fbuffers 519ms (from cache)
44 silly pacote tag manifest for @types/buffers@ts3.6 fetched in 523ms
45 http fetch GET 304 https://registry.npmjs.org/@types%2fcookie 82ms (from cache)
46 silly pacote tag manifest for @types/cookie@ts3.6 fetched in 90ms
47 http fetch GET 304 https://registry.npmjs.org/@types%2fcookie-signature 109ms (from cache)
48 silly pacote tag manifest for @types/cookie-signature@ts3.6 fetched in 113ms
49 http fetch GET 304 https://registry.npmjs.org/@types%2fbuffer-crc32 730ms (from cache)
50 silly pacote tag manifest for @types/buffer-crc32@ts3.6 fetched in 737ms
51 http fetch GET 304 https://registry.npmjs.org/@types%2fdebug 84ms (from cache)
52 silly pacote tag manifest for @types/debug@ts3.6 fetched in 89ms
53 http fetch GET 304 https://registry.npmjs.org/@types%2fbrace-expansion 801ms (from cache)
54 silly pacote tag manifest for @types/brace-expansion@ts3.6 fetched in 805ms
55 http fetch GET 304 https://registry.npmjs.org/@types%2fbyline 756ms (from cache)
56 silly pacote tag manifest for @types/byline@ts3.6 fetched in 760ms
57 http fetch GET 304 https://registry.npmjs.org/@types%2fchownr 710ms (from cache)
58 http fetch GET 304 https://registry.npmjs.org/@types%2fchecksum 716ms (from cache)
59 silly pacote tag manifest for @types/chownr@ts3.6 fetched in 715ms
60 silly pacote tag manifest for @types/checksum@ts3.6 fetched in 723ms
61 http fetch GET 304 https://registry.npmjs.org/@types%2fcss-to-react-native 548ms (from cache)
62 http fetch GET 304 https://registry.npmjs.org/@types%2fcombined-stream 766ms (from cache)
63 silly pacote tag manifest for @types/css-to-react-native@ts3.6 fetched in 556ms
64 silly pacote tag manifest for @types/combined-stream@ts3.6 fetched in 776ms
65 http fetch GET 304 https://registry.npmjs.org/@types%2fdashdash 529ms (from cache)
66 silly pacote tag manifest for @types/dashdash@ts3.6 fetched in 533ms
67 http fetch GET 304 https://registry.npmjs.org/@types%2fcontent-type 724ms (from cache)
68 silly pacote tag manifest for @types/content-type@ts3.6 fetched in 732ms
69 http fetch GET 304 https://registry.npmjs.org/@types%2fdecompress 579ms (from cache)
70 http fetch GET 304 https://registry.npmjs.org/@types%2fdompurify 153ms (from cache)
71 silly pacote tag manifest for @types/decompress@ts3.6 fetched in 603ms
72 http fetch GET 304 https://registry.npmjs.org/@types%2fdeep-extend 578ms (from cache)
73 silly pacote tag manifest for @types/dompurify@ts3.6 fetched in 169ms
74 silly pacote tag manifest for @types/deep-extend@ts3.6 fetched in 595ms
75 http fetch GET 304 https://registry.npmjs.org/@types%2fdepd 548ms (from cache)
76 silly pacote tag manifest for @types/depd@ts3.6 fetched in 552ms
77 http fetch GET 304 https://registry.npmjs.org/@types%2fdiff 293ms (from cache)
78 http fetch GET 304 https://registry.npmjs.org/@types%2fdestroy 517ms (from cache)
79 silly pacote tag manifest for @types/diff@ts3.6 fetched in 303ms
80 http fetch GET 304 https://registry.npmjs.org/@types%2fdetect-libc 520ms (from cache)
81 silly pacote tag manifest for @types/destroy@ts3.6 fetched in 526ms
82 silly pacote tag manifest for @types/detect-libc@ts3.6 fetched in 527ms
83 http fetch GET 304 https://registry.npmjs.org/@types%2fdelegates 732ms (from cache)
84 silly registry:manifest no matching version for @types/delegates@ts3.6 in the cache. Forcing revalidation.
85 http fetch GET 304 https://registry.npmjs.org/@types%2fexpress 98ms (from cache)
86 silly pacote tag manifest for @types/express@ts3.6 fetched in 108ms
87 http fetch GET 304 https://registry.npmjs.org/@types%2fend-of-stream 261ms (from cache)
88 silly pacote tag manifest for @types/end-of-stream@ts3.6 fetched in 264ms
89 http fetch GET 304 https://registry.npmjs.org/@types%2fdir-glob 508ms (from cache)
90 silly pacote tag manifest for @types/dir-glob@ts3.6 fetched in 515ms
91 http fetch GET 304 https://registry.npmjs.org/@types%2fextsprintf 69ms (from cache)
92 silly pacote tag manifest for @types/extsprintf@ts3.6 fetched in 72ms
93 http fetch GET 304 https://registry.npmjs.org/@types%2fevent-stream 281ms (from cache)
94 silly pacote tag manifest for @types/event-stream@ts3.6 fetched in 287ms
95 http fetch GET 304 https://registry.npmjs.org/@types%2fdrivelist 570ms (from cache)
96 silly pacote tag manifest for @types/drivelist@ts3.6 fetched in 576ms
97 http fetch GET 304 https://registry.npmjs.org/@types%2fee-first 492ms (from cache)
98 silly pacote tag manifest for @types/ee-first@ts3.6 fetched in 498ms
99 http fetch GET 304 https://registry.npmjs.org/@types%2fencodeurl 550ms (from cache)
100 silly pacote tag manifest for @types/encodeurl@ts3.6 fetched in 557ms
101 http fetch GET 304 https://registry.npmjs.org/@types%2fextend 338ms (from cache)
102 silly pacote tag manifest for @types/extend@ts3.6 fetched in 349ms
103 http fetch GET 304 https://registry.npmjs.org/@types%2fescape-html 541ms (from cache)
104 silly pacote tag manifest for @types/escape-html@ts3.6 fetched in 545ms
105 http fetch GET 304 https://registry.npmjs.org/@types%2ffs-extra 60ms (from cache)
106 silly pacote tag manifest for @types/fs-extra@ts3.6 fetched in 67ms
107 http fetch GET 200 https://registry.npmjs.org/@types%2fdelegates 477ms
108 silly fetchPackageMetaData error for @types/delegates@ts3.6 No matching version found for @types/delegates@ts3.6.
109 http fetch GET 304 https://registry.npmjs.org/@types%2fgraceful-fs 81ms (from cache)
110 silly pacote tag manifest for @types/graceful-fs@ts3.6 fetched in 88ms
111 http fetch GET 304 https://registry.npmjs.org/@types%2ffinalhandler 492ms (from cache)
112 silly pacote tag manifest for @types/finalhandler@ts3.6 fetched in 497ms
113 http fetch GET 304 https://registry.npmjs.org/@types%2fhttp-errors 73ms (from cache)
114 http fetch GET 304 https://registry.npmjs.org/@types%2fforever-agent 491ms (from cache)
115 silly pacote tag manifest for @types/http-errors@ts3.6 fetched in 81ms
116 silly pacote tag manifest for @types/forever-agent@ts3.6 fetched in 497ms
117 http fetch GET 304 https://registry.npmjs.org/@types%2fforwarded 501ms (from cache)
118 silly pacote tag manifest for @types/forwarded@ts3.6 fetched in 517ms
119 http fetch GET 304 https://registry.npmjs.org/@types%2fetag 826ms (from cache)
120 silly pacote tag manifest for @types/etag@ts3.6 fetched in 836ms
121 http fetch GET 304 https://registry.npmjs.org/@types%2finherits 107ms (from cache)
122 silly pacote tag manifest for @types/inherits@ts3.6 fetched in 111ms
123 http fetch GET 304 https://registry.npmjs.org/@types%2fis-typedarray 64ms (from cache)
124 silly pacote tag manifest for @types/is-typedarray@ts3.6 fetched in 69ms
125 http fetch GET 304 https://registry.npmjs.org/@types%2fisarray 67ms (from cache)
126 silly pacote tag manifest for @types/isarray@ts3.6 fetched in 72ms
127 http fetch GET 304 https://registry.npmjs.org/@types%2fgauge 503ms (from cache)
128 silly registry:manifest no matching version for @types/gauge@ts3.6 in the cache. Forcing revalidation.
129 http fetch GET 304 https://registry.npmjs.org/@types%2ffs-minipass 519ms (from cache)
130 silly registry:manifest no matching version for @types/fs-minipass@ts3.6 in the cache. Forcing revalidation.
131 http fetch GET 304 https://registry.npmjs.org/@types%2fimurmurhash 299ms (from cache)
132 silly pacote tag manifest for @types/imurmurhash@ts3.6 fetched in 309ms
133 http fetch GET 304 https://registry.npmjs.org/@types%2fini 293ms (from cache)
134 http fetch GET 304 https://registry.npmjs.org/@types%2fgetpass 517ms (from cache)
135 http fetch GET 304 https://registry.npmjs.org/@types%2fisstream 112ms (from cache)
136 silly pacote tag manifest for @types/ini@ts3.6 fetched in 300ms
137 silly pacote tag manifest for @types/getpass@ts3.6 fetched in 525ms
138 silly pacote tag manifest for @types/isstream@ts3.6 fetched in 122ms
139 http fetch GET 200 https://registry.npmjs.org/@types%2ffs-minipass 91ms
140 silly fetchPackageMetaData error for @types/fs-minipass@ts3.6 No matching version found for @types/fs-minipass@ts3.6.
141 http fetch GET 304 https://registry.npmjs.org/@types%2ffresh 745ms (from cache)
142 silly pacote tag manifest for @types/fresh@ts3.6 fetched in 750ms
143 http fetch GET 304 https://registry.npmjs.org/@types%2ffrom 732ms (from cache)
144 silly pacote tag manifest for @types/from@ts3.6 fetched in 744ms
145 http fetch GET 304 https://registry.npmjs.org/@types%2fjson-schema 119ms (from cache)
146 silly pacote tag manifest for @types/json-schema@ts3.6 fetched in 126ms
147 http fetch GET 304 https://registry.npmjs.org/@types%2fjsonfile 125ms (from cache)
148 silly pacote tag manifest for @types/jsonfile@ts3.6 fetched in 135ms
149 http fetch GET 304 https://registry.npmjs.org/@types%2fisexe 299ms (from cache)
150 silly pacote tag manifest for @types/isexe@ts3.6 fetched in 303ms
151 http fetch GET 304 https://registry.npmjs.org/@types%2flinkify-it 119ms (from cache)
152 silly pacote tag manifest for @types/linkify-it@ts3.6 fetched in 140ms
153 http fetch GET 304 https://registry.npmjs.org/@types%2flodash 184ms (from cache)
154 http fetch GET 304 https://registry.npmjs.org/@types%2flodash.debounce 152ms (from cache)
155 silly pacote tag manifest for @types/lodash@ts3.6 fetched in 214ms
156 silly pacote tag manifest for @types/lodash.debounce@ts3.6 fetched in 167ms
157 http fetch GET 304 https://registry.npmjs.org/@types%2flodash.throttle 154ms (from cache)
158 http fetch GET 304 https://registry.npmjs.org/@types%2fjsbn 342ms (from cache)
159 silly pacote tag manifest for @types/lodash.throttle@ts3.6 fetched in 171ms
160 silly pacote tag manifest for @types/jsbn@ts3.6 fetched in 357ms
161 http fetch GET 304 https://registry.npmjs.org/@types%2fis-natural-number 575ms (from cache)
162 silly pacote tag manifest for @types/is-natural-number@ts3.6 fetched in 584ms
163 http fetch GET 304 https://registry.npmjs.org/@types%2fjsprim 308ms (from cache)
164 silly registry:manifest no matching version for @types/jsprim@ts3.6 in the cache. Forcing revalidation.
165 http fetch GET 304 https://registry.npmjs.org/@types%2fmarkdown-it 75ms (from cache)
166 http fetch GET 304 https://registry.npmjs.org/@types%2fmdurl 73ms (from cache)
167 silly pacote tag manifest for @types/markdown-it@ts3.6 fetched in 82ms
168 silly pacote tag manifest for @types/mdurl@ts3.6 fetched in 80ms
169 http fetch GET 200 https://registry.npmjs.org/@types%2fgauge 473ms
170 silly fetchPackageMetaData error for @types/gauge@ts3.6 No matching version found for @types/gauge@ts3.6.
171 http fetch GET 304 https://registry.npmjs.org/@types%2fmime 106ms (from cache)
172 silly pacote tag manifest for @types/mime@ts3.6 fetched in 125ms
173 http fetch GET 304 https://registry.npmjs.org/@types%2fmime-db 154ms (from cache)
174 silly pacote tag manifest for @types/mime-db@ts3.6 fetched in 159ms
175 http fetch GET 304 https://registry.npmjs.org/@types%2fmime-types 145ms (from cache)
176 http fetch GET 304 https://registry.npmjs.org/@types%2fmap-stream 367ms (from cache)
177 silly registry:manifest no matching version for @types/map-stream@ts3.6 in the cache. Forcing revalidation.
178 silly pacote tag manifest for @types/mime-types@ts3.6 fetched in 173ms
179 http fetch GET 200 https://registry.npmjs.org/@types%2fjsprim 319ms
180 silly fetchPackageMetaData error for @types/jsprim@ts3.6 No matching version found for @types/jsprim@ts3.6.
181 http fetch GET 304 https://registry.npmjs.org/@types%2fmerge-descriptors 359ms (from cache)
182 http fetch GET 304 https://registry.npmjs.org/@types%2fmethods 356ms (from cache)
183 silly pacote tag manifest for @types/merge-descriptors@ts3.6 fetched in 372ms
184 http fetch GET 304 https://registry.npmjs.org/@types%2flodash.clonedeep 583ms (from cache)
185 http fetch GET 304 https://registry.npmjs.org/@types%2fminimist 194ms (from cache)
186 silly pacote tag manifest for @types/methods@ts3.6 fetched in 371ms
187 silly pacote tag manifest for @types/lodash.clonedeep@ts3.6 fetched in 598ms
188 http fetch GET 304 https://registry.npmjs.org/@types%2fminizlib 178ms (from cache)
189 silly pacote tag manifest for @types/minimist@ts3.6 fetched in 217ms
190 silly pacote tag manifest for @types/minizlib@ts3.6 fetched in 195ms
191 http fetch GET 304 https://registry.npmjs.org/@types%2fms 169ms (from cache)
192 silly pacote tag manifest for @types/ms@ts3.6 fetched in 174ms
193 http fetch GET 304 https://registry.npmjs.org/@types%2fjson-stringify-safe 768ms (from cache)
194 silly pacote tag manifest for @types/json-stringify-safe@ts3.6 fetched in 773ms
195 http fetch GET 304 https://registry.npmjs.org/@types%2fnegotiator 107ms (from cache)
196 silly pacote tag manifest for @types/negotiator@ts3.6 fetched in 112ms
197 http fetch GET 304 https://registry.npmjs.org/@types%2fnpmlog 108ms (from cache)
198 silly pacote tag manifest for @types/npmlog@ts3.6 fetched in 122ms
199 http fetch GET 304 https://registry.npmjs.org/@types%2fobject-assign 113ms (from cache)
200 http fetch GET 304 https://registry.npmjs.org/@types%2fmedia-typer 536ms (from cache)
201 http fetch GET 200 https://registry.npmjs.org/@types%2fmap-stream 283ms
202 silly pacote tag manifest for @types/object-assign@ts3.6 fetched in 121ms
203 silly fetchPackageMetaData error for @types/map-stream@ts3.6 No matching version found for @types/map-stream@ts3.6.
204 silly pacote tag manifest for @types/media-typer@ts3.6 fetched in 553ms
205 http fetch GET 304 https://registry.npmjs.org/@types%2fon-finished 140ms (from cache)
206 silly pacote tag manifest for @types/on-finished@ts3.6 fetched in 148ms
207 http fetch GET 304 https://registry.npmjs.org/@types%2fnested-error-stacks 253ms (from cache)
208 silly pacote tag manifest for @types/nested-error-stacks@ts3.6 fetched in 257ms
209 http fetch GET 304 https://registry.npmjs.org/@types%2fnumber-is-nan 248ms (from cache)
210 silly pacote tag manifest for @types/number-is-nan@ts3.6 fetched in 251ms
211 http fetch GET 304 https://registry.npmjs.org/@types%2fonce 261ms (from cache)
212 silly pacote tag manifest for @types/once@ts3.6 fetched in 264ms
213 http fetch GET 304 https://registry.npmjs.org/@types%2foptimist 269ms (from cache)
214 silly pacote tag manifest for @types/optimist@ts3.6 fetched in 274ms
215 http fetch GET 304 https://registry.npmjs.org/@types%2fprop-types 86ms (from cache)
216 silly pacote tag manifest for @types/prop-types@ts3.6 fetched in 90ms
217 http fetch GET 304 https://registry.npmjs.org/@types%2fnode-abi 485ms (from cache)
218 silly pacote tag manifest for @types/node-abi@ts3.6 fetched in 488ms
219 http fetch GET 304 https://registry.npmjs.org/@types%2fps-tree 93ms (from cache)
220 silly pacote tag manifest for @types/ps-tree@ts3.6 fetched in 97ms
221 http fetch GET 304 https://registry.npmjs.org/@types%2fos-homedir 536ms (from cache)
222 http fetch GET 304 https://registry.npmjs.org/@types%2fparseurl 532ms (from cache)
223 http fetch GET 304 https://registry.npmjs.org/@types%2fpath-is-absolute 529ms (from cache)
224 silly pacote tag manifest for @types/os-homedir@ts3.6 fetched in 545ms
225 http fetch GET 304 https://registry.npmjs.org/@types%2fpsl 119ms (from cache)
226 silly pacote tag manifest for @types/parseurl@ts3.6 fetched in 550ms
227 silly pacote tag manifest for @types/path-is-absolute@ts3.6 fetched in 547ms
228 silly pacote tag manifest for @types/psl@ts3.6 fetched in 135ms
229 http fetch GET 304 https://registry.npmjs.org/@types%2fpify 504ms (from cache)
230 silly pacote tag manifest for @types/pify@ts3.6 fetched in 507ms
231 http fetch GET 304 https://registry.npmjs.org/@types%2fqs 101ms (from cache)
232 http fetch GET 304 https://registry.npmjs.org/@types%2frange-parser 97ms (from cache)
233 silly pacote tag manifest for @types/qs@ts3.6 fetched in 110ms
234 silly pacote tag manifest for @types/range-parser@ts3.6 fetched in 106ms
235 http fetch GET 304 https://registry.npmjs.org/@types%2foniguruma 767ms (from cache)
236 silly pacote tag manifest for @types/oniguruma@ts3.6 fetched in 771ms
237 http fetch GET 304 https://registry.npmjs.org/@types%2fproxy-addr 494ms (from cache)
238 silly pacote tag manifest for @types/proxy-addr@ts3.6 fetched in 510ms
239 http fetch GET 304 https://registry.npmjs.org/@types%2freact-dom 112ms (from cache)
240 http fetch GET 304 https://registry.npmjs.org/@types%2freact 136ms (from cache)
241 silly pacote tag manifest for @types/react-dom@ts3.6 fetched in 153ms
242 http fetch GET 304 https://registry.npmjs.org/@types%2fproxy-from-env 578ms (from cache)
243 silly pacote tag manifest for @types/react@ts3.6 fetched in 170ms
244 http fetch GET 304 https://registry.npmjs.org/@types%2fpdfobject 810ms (from cache)
245 silly pacote tag manifest for @types/proxy-from-env@ts3.6 fetched in 598ms
246 silly pacote tag manifest for @types/pdfobject@ts3.6 fetched in 826ms
247 http fetch GET 304 https://registry.npmjs.org/@types%2fpump 338ms (from cache)
248 http fetch GET 304 https://registry.npmjs.org/@types%2frc 290ms (from cache)
249 silly pacote tag manifest for @types/pump@ts3.6 fetched in 343ms
250 http fetch GET 304 https://registry.npmjs.org/@types%2fprogress 776ms (from cache)
251 http fetch GET 304 https://registry.npmjs.org/@types%2freact-lifecycles-compat 132ms (from cache)
252 silly pacote tag manifest for @types/rc@ts3.6 fetched in 303ms
253 silly pacote tag manifest for @types/progress@ts3.6 fetched in 790ms
254 silly pacote tag manifest for @types/react-lifecycles-compat@ts3.6 fetched in 146ms
255 http fetch GET 304 https://registry.npmjs.org/@types%2fregenerator-runtime 109ms (from cache)
256 http fetch GET 304 https://registry.npmjs.org/@types%2freadable-stream 145ms (from cache)
257 silly pacote tag manifest for @types/regenerator-runtime@ts3.6 fetched in 131ms
258 silly pacote tag manifest for @types/readable-stream@ts3.6 fetched in 159ms
259 http fetch GET 304 https://registry.npmjs.org/@types%2frequest 146ms (from cache)
260 silly pacote tag manifest for @types/request@ts3.6 fetched in 158ms
261 http fetch GET 304 https://registry.npmjs.org/@types%2frequire-directory 140ms (from cache)
262 http fetch GET 304 https://registry.npmjs.org/@types%2froute-parser 134ms (from cache)
263 http fetch GET 304 https://registry.npmjs.org/@types%2fsafer-buffer 137ms (from cache)
264 silly pacote tag manifest for @types/require-directory@ts3.6 fetched in 147ms
265 silly pacote tag manifest for @types/route-parser@ts3.6 fetched in 140ms
266 silly pacote tag manifest for @types/safer-buffer@ts3.6 fetched in 146ms
267 http fetch GET 304 https://registry.npmjs.org/@types%2fpunycode 519ms (from cache)
268 silly pacote tag manifest for @types/punycode@ts3.6 fetched in 531ms
269 http fetch GET 304 https://registry.npmjs.org/@types%2fsanitize-html 111ms (from cache)
270 http fetch GET 304 https://registry.npmjs.org/@types%2fscheduler 109ms (from cache)
271 silly pacote tag manifest for @types/sanitize-html@ts3.6 fetched in 119ms
272 http fetch GET 304 https://registry.npmjs.org/@types%2fsemver 89ms (from cache)
273 silly pacote tag manifest for @types/scheduler@ts3.6 fetched in 118ms
274 silly pacote tag manifest for @types/semver@ts3.6 fetched in 100ms
275 http fetch GET 304 https://registry.npmjs.org/@types%2fserve-static 93ms (from cache)
276 silly pacote tag manifest for @types/serve-static@ts3.6 fetched in 98ms
277 http fetch GET 304 https://registry.npmjs.org/@types%2fshowdown 82ms (from cache)
278 silly pacote tag manifest for @types/showdown@ts3.6 fetched in 88ms
279 http fetch GET 304 https://registry.npmjs.org/@types%2freact-is 493ms (from cache)
280 http fetch GET 304 https://registry.npmjs.org/@types%2fsend 139ms (from cache)
281 silly pacote tag manifest for @types/react-is@ts3.6 fetched in 498ms
282 silly pacote tag manifest for @types/send@ts3.6 fetched in 145ms
283 http fetch GET 304 https://registry.npmjs.org/@types%2fsprintf-js 73ms (from cache)
284 silly pacote tag manifest for @types/sprintf-js@ts3.6 fetched in 76ms
285 http fetch GET 304 https://registry.npmjs.org/@types%2fsshpk 67ms (from cache)
286 silly pacote tag manifest for @types/sshpk@ts3.6 fetched in 70ms
287 http fetch GET 304 https://registry.npmjs.org/@types%2freact-virtualized 497ms (from cache)
288 http fetch GET 304 https://registry.npmjs.org/@types%2fstyled-components 85ms (from cache)
289 silly pacote tag manifest for @types/react-virtualized@ts3.6 fetched in 510ms
290 silly pacote tag manifest for @types/styled-components@ts3.6 fetched in 99ms
291 http fetch GET 304 https://registry.npmjs.org/@types%2fsupports-color 131ms (from cache)
292 silly pacote tag manifest for @types/supports-color@ts3.6 fetched in 136ms
293 http fetch GET 304 https://registry.npmjs.org/@types%2frequestretry 521ms (from cache)
294 silly pacote tag manifest for @types/requestretry@ts3.6 fetched in 527ms
295 http fetch GET 304 https://registry.npmjs.org/@types%2fsprintf 271ms (from cache)
296 silly pacote tag manifest for @types/sprintf@ts3.6 fetched in 277ms
297 http fetch GET 304 https://registry.npmjs.org/@types%2ftar 95ms (from cache)
298 silly pacote tag manifest for @types/tar@ts3.6 fetched in 99ms
299 http fetch GET 304 https://registry.npmjs.org/@types%2ftar-stream 68ms (from cache)
300 silly pacote tag manifest for @types/tar-stream@ts3.6 fetched in 73ms
301 http fetch GET 304 https://registry.npmjs.org/@types%2fthrough 71ms (from cache)
302 http fetch GET 304 https://registry.npmjs.org/@types%2ftoidentifier 63ms (from cache)
303 silly registry:manifest no matching version for @types/toidentifier@ts3.6 in the cache. Forcing revalidation.
304 silly pacote tag manifest for @types/through@ts3.6 fetched in 78ms
305 http fetch GET 304 https://registry.npmjs.org/@types%2ftough-cookie 80ms (from cache)
306 silly pacote tag manifest for @types/tough-cookie@ts3.6 fetched in 84ms
307 http fetch GET 304 https://registry.npmjs.org/@types%2ftraverse 80ms (from cache)
308 silly pacote tag manifest for @types/traverse@ts3.6 fetched in 88ms
309 http fetch GET 304 https://registry.npmjs.org/@types%2fset-blocking 523ms (from cache)
310 silly registry:manifest no matching version for @types/set-blocking@ts3.6 in the cache. Forcing revalidation.
311 http fetch GET 304 https://registry.npmjs.org/@types%2ftype-is 87ms (from cache)
312 silly pacote tag manifest for @types/type-is@ts3.6 fetched in 93ms
313 http fetch GET 304 https://registry.npmjs.org/@types%2funzip-stream 62ms (from cache)
314 silly pacote tag manifest for @types/unzip-stream@ts3.6 fetched in 72ms
315 http fetch GET 200 https://registry.npmjs.org/@types%2ftoidentifier 302ms
316 silly fetchPackageMetaData error for @types/toidentifier@ts3.6 No matching version found for @types/toidentifier@ts3.6.
317 http fetch GET 304 https://registry.npmjs.org/@types%2fsplit 704ms (from cache)
318 http fetch GET 304 https://registry.npmjs.org/@types%2fsignal-exit 724ms (from cache)
319 silly pacote tag manifest for @types/split@ts3.6 fetched in 709ms
320 silly pacote tag manifest for @types/signal-exit@ts3.6 fetched in 729ms
321 http fetch GET 304 https://registry.npmjs.org/@types%2fstatuses 701ms (from cache)
322 silly pacote tag manifest for @types/statuses@ts3.6 fetched in 705ms
323 http fetch GET 304 https://registry.npmjs.org/@types%2fuuid 75ms (from cache)
324 silly pacote tag manifest for @types/uuid@ts3.6 fetched in 79ms
325 http fetch GET 304 https://registry.npmjs.org/@types%2fsimple-get 817ms (from cache)
326 silly registry:manifest no matching version for @types/simple-get@ts3.6 in the cache. Forcing revalidation.
327 http fetch GET 304 https://registry.npmjs.org/@types%2fverror 66ms (from cache)
328 silly pacote tag manifest for @types/verror@ts3.6 fetched in 69ms
329 http fetch GET 304 https://registry.npmjs.org/@types%2funiversalify 519ms (from cache)
330 http fetch GET 304 https://registry.npmjs.org/@types%2funbzip2-stream 562ms (from cache)
331 silly registry:manifest no matching version for @types/unbzip2-stream@ts3.6 in the cache. Forcing revalidation.
332 silly pacote tag manifest for @types/universalify@ts3.6 fetched in 534ms
333 http fetch GET 304 https://registry.npmjs.org/@types%2ftar-fs 738ms (from cache)
334 silly pacote tag manifest for @types/tar-fs@ts3.6 fetched in 747ms
335 http fetch GET 304 https://registry.npmjs.org/@types%2fuser-home 465ms (from cache)
336 silly pacote tag manifest for @types/user-home@ts3.6 fetched in 470ms
337 http fetch GET 200 https://registry.npmjs.org/@types%2fsimple-get 237ms
338 silly fetchPackageMetaData error for @types/simple-get@ts3.6 No matching version found for @types/simple-get@ts3.6.
339 http fetch GET 304 https://registry.npmjs.org/@types%2fwhich 91ms (from cache)
340 http fetch GET 304 https://registry.npmjs.org/@types%2fwhen 106ms (from cache)
341 silly pacote tag manifest for @types/which@ts3.6 fetched in 100ms
342 silly pacote tag manifest for @types/when@ts3.6 fetched in 113ms
343 http fetch GET 200 https://registry.npmjs.org/@types%2fset-blocking 699ms
344 silly fetchPackageMetaData error for @types/set-blocking@ts3.6 No matching version found for @types/set-blocking@ts3.6.
345 http fetch GET 304 https://registry.npmjs.org/@types%2fws 81ms (from cache)
346 silly pacote tag manifest for @types/ws@ts3.6 fetched in 90ms
347 http fetch GET 304 https://registry.npmjs.org/@types%2futils-merge 476ms (from cache)
348 silly pacote tag manifest for @types/utils-merge@ts3.6 fetched in 479ms
349 http fetch GET 304 https://registry.npmjs.org/@types%2futil-deprecate 559ms (from cache)
350 silly pacote tag manifest for @types/util-deprecate@ts3.6 fetched in 562ms
351 http fetch GET 304 https://registry.npmjs.org/@types%2fvary 484ms (from cache)
352 silly pacote tag manifest for @types/vary@ts3.6 fetched in 488ms
353 http fetch GET 304 https://registry.npmjs.org/@types%2fyargs 71ms (from cache)
354 silly pacote tag manifest for @types/yargs@ts3.6 fetched in 78ms
355 http fetch GET 304 https://registry.npmjs.org/@types%2fyauzl 66ms (from cache)
356 silly pacote tag manifest for @types/yauzl@ts3.6 fetched in 71ms
357 http fetch GET 304 https://registry.npmjs.org/@types%2fxtend 245ms (from cache)
358 silly pacote tag manifest for @types/xtend@ts3.6 fetched in 252ms
359 http fetch GET 304 https://registry.npmjs.org/@types%2fwhich-pm-runs 483ms (from cache)
360 silly pacote tag manifest for @types/which-pm-runs@ts3.6 fetched in 489ms
361 http fetch GET 304 https://registry.npmjs.org/@types%2fwordwrap 484ms (from cache)
362 silly pacote tag manifest for @types/wordwrap@ts3.6 fetched in 490ms
363 http fetch GET 304 https://registry.npmjs.org/@types%2fwrap-ansi 470ms (from cache)
364 silly pacote tag manifest for @types/wrap-ansi@ts3.6 fetched in 474ms
365 http fetch GET 304 https://registry.npmjs.org/@types%2fvhost 704ms (from cache)
366 silly pacote tag manifest for @types/vhost@ts3.6 fetched in 707ms
367 http fetch GET 304 https://registry.npmjs.org/@types%2fyallist 476ms (from cache)
368 silly pacote tag manifest for @types/yallist@ts3.6 fetched in 485ms
369 http fetch GET 200 https://registry.npmjs.org/@types%2funbzip2-stream 710ms
370 silly fetchPackageMetaData error for @types/unbzip2-stream@ts3.6 No matching version found for @types/unbzip2-stream@ts3.6.
371 timing stage:rollbackFailedOptional Completed in 3ms
372 timing stage:runTopLevelLifecycles Completed in 7141ms
373 verbose type tag
374 verbose stack @types/delegates: No matching version found for @types/delegates@ts3.6.
374 verbose stack     at pickManifest (/usr/local/lib/node_modules/npm/node_modules/npm-pick-manifest/index.js:122:13)
374 verbose stack     at /usr/local/lib/node_modules/npm/node_modules/pacote/lib/fetchers/registry/manifest.js:43:18
374 verbose stack     at tryCatcher (/usr/local/lib/node_modules/npm/node_modules/bluebird/js/release/util.js:16:23)
374 verbose stack     at Promise._settlePromiseFromHandler (/usr/local/lib/node_modules/npm/node_modules/bluebird/js/release/promise.js:517:31)
374 verbose stack     at Promise._settlePromise (/usr/local/lib/node_modules/npm/node_modules/bluebird/js/release/promise.js:574:18)
374 verbose stack     at Promise._settlePromise0 (/usr/local/lib/node_modules/npm/node_modules/bluebird/js/release/promise.js:619:10)
374 verbose stack     at Promise._settlePromises (/usr/local/lib/node_modules/npm/node_modules/bluebird/js/release/promise.js:699:18)
374 verbose stack     at _drainQueueStep (/usr/local/lib/node_modules/npm/node_modules/bluebird/js/release/async.js:138:12)
374 verbose stack     at _drainQueue (/usr/local/lib/node_modules/npm/node_modules/bluebird/js/release/async.js:131:9)
374 verbose stack     at Async._drainQueues (/usr/local/lib/node_modules/npm/node_modules/bluebird/js/release/async.js:147:5)
374 verbose stack     at Immediate.Async.drainQueues [as _onImmediate] (/usr/local/lib/node_modules/npm/node_modules/bluebird/js/release/async.js:17:14)
374 verbose stack     at processImmediate (internal/timers.js:456:21)
375 verbose cwd /home/theia/.cache/typescript/3.6
376 verbose Linux 6.4.16-linuxkit
377 verbose argv "/usr/local/bin/node" "/usr/local/bin/npm" "install" "--ignore-scripts" "@types/accepts@ts3.6" "@types/are-we-there-yet@ts3.6" "@types/argparse@ts3.6" "@types/asn1@ts3.6" "@types/assert-plus@ts3.6" "@types/autosize@ts3.6" "@types/aws4@ts3.6" "@types/babel-plugin-syntax-jsx@ts3.6" "@types/balanced-match@ts3.6" "@types/bent@ts3.6" "@types/bindings@ts3.6" "@types/body-parser@ts3.6" "@types/brace-expansion@ts3.6" "@types/buffer-crc32@ts3.6" "@types/buffers@ts3.6" "@types/byline@ts3.6" "@types/bytes@ts3.6" "@types/caseless@ts3.6" "@types/checksum@ts3.6" "@types/chownr@ts3.6" "@types/color-convert@ts3.6" "@types/color-name@ts3.6" "@types/combined-stream@ts3.6" "@types/concat-map@ts3.6" "@types/content-disposition@ts3.6" "@types/content-type@ts3.6" "@types/cookie@ts3.6" "@types/cookie-signature@ts3.6" "@types/css-to-react-native@ts3.6" "@types/dashdash@ts3.6" "@types/debug@ts3.6" "@types/decompress@ts3.6" "@types/deep-extend@ts3.6" "@types/delegates@ts3.6" "@types/depd@ts3.6" "@types/destroy@ts3.6" "@types/detect-libc@ts3.6" "@types/diff@ts3.6" "@types/dir-glob@ts3.6" "@types/dompurify@ts3.6" "@types/drivelist@ts3.6" "@types/ee-first@ts3.6" "@types/encodeurl@ts3.6" "@types/end-of-stream@ts3.6" "@types/escape-html@ts3.6" "@types/etag@ts3.6" "@types/event-stream@ts3.6" "@types/express@ts3.6" "@types/extend@ts3.6" "@types/extsprintf@ts3.6" "@types/finalhandler@ts3.6" "@types/forever-agent@ts3.6" "@types/forwarded@ts3.6" "@types/fresh@ts3.6" "@types/from@ts3.6" "@types/fs-extra@ts3.6" "@types/fs-minipass@ts3.6" "@types/gauge@ts3.6" "@types/getpass@ts3.6" "@types/graceful-fs@ts3.6" "@types/http-errors@ts3.6" "@types/imurmurhash@ts3.6" "@types/inherits@ts3.6" "@types/ini@ts3.6" "@types/is-natural-number@ts3.6" "@types/is-typedarray@ts3.6" "@types/isarray@ts3.6" "@types/isexe@ts3.6" "@types/isstream@ts3.6" "@types/jsbn@ts3.6" "@types/json-schema@ts3.6" "@types/json-stringify-safe@ts3.6" "@types/jsonfile@ts3.6" "@types/jsprim@ts3.6" "@types/linkify-it@ts3.6" "@types/lodash@ts3.6" "@types/lodash.clonedeep@ts3.6" "@types/lodash.debounce@ts3.6" "@types/lodash.throttle@ts3.6" "@types/map-stream@ts3.6" "@types/markdown-it@ts3.6" "@types/mdurl@ts3.6" "@types/media-typer@ts3.6" "@types/merge-descriptors@ts3.6" "@types/methods@ts3.6" "@types/mime@ts3.6" "@types/mime-db@ts3.6" "@types/mime-types@ts3.6" "@types/minimist@ts3.6" "@types/minizlib@ts3.6" "@types/ms@ts3.6" "@types/negotiator@ts3.6" "@types/nested-error-stacks@ts3.6" "@types/node-abi@ts3.6" "@types/npmlog@ts3.6" "@types/number-is-nan@ts3.6" "@types/object-assign@ts3.6" "@types/on-finished@ts3.6" "@types/once@ts3.6" "@types/oniguruma@ts3.6" "@types/optimist@ts3.6" "@types/os-homedir@ts3.6" "@types/parseurl@ts3.6" "@types/path-is-absolute@ts3.6" "@types/pdfobject@ts3.6" "@types/pify@ts3.6" "@types/progress@ts3.6" "@types/prop-types@ts3.6" "@types/proxy-addr@ts3.6" "@types/proxy-from-env@ts3.6" "@types/ps-tree@ts3.6" "@types/psl@ts3.6" "@types/pump@ts3.6" "@types/punycode@ts3.6" "@types/qs@ts3.6" "@types/range-parser@ts3.6" "@types/rc@ts3.6" "@types/react@ts3.6" "@types/react-dom@ts3.6" "@types/react-is@ts3.6" "@types/react-lifecycles-compat@ts3.6" "@types/react-virtualized@ts3.6" "@types/readable-stream@ts3.6" "@types/regenerator-runtime@ts3.6" "@types/request@ts3.6" "@types/requestretry@ts3.6" "@types/require-directory@ts3.6" "@types/route-parser@ts3.6" "@types/safer-buffer@ts3.6" "@types/sanitize-html@ts3.6" "@types/scheduler@ts3.6" "@types/semver@ts3.6" "@types/send@ts3.6" "@types/serve-static@ts3.6" "@types/set-blocking@ts3.6" "@types/showdown@ts3.6" "@types/signal-exit@ts3.6" "@types/simple-get@ts3.6" "@types/split@ts3.6" "@types/sprintf@ts3.6" "@types/sprintf-js@ts3.6" "@types/sshpk@ts3.6" "@types/statuses@ts3.6" "@types/styled-components@ts3.6" "@types/supports-color@ts3.6" "@types/tar@ts3.6" "@types/tar-fs@ts3.6" "@types/tar-stream@ts3.6" "@types/through@ts3.6" "@types/toidentifier@ts3.6" "@types/tough-cookie@ts3.6" "@types/traverse@ts3.6" "@types/type-is@ts3.6" "@types/unbzip2-stream@ts3.6" "@types/universalify@ts3.6" "@types/unzip-stream@ts3.6" "@types/user-home@ts3.6" "@types/util-deprecate@ts3.6" "@types/utils-merge@ts3.6" "@types/uuid@ts3.6" "@types/vary@ts3.6" "@types/verror@ts3.6" "@types/vhost@ts3.6" "@types/when@ts3.6" "@types/which@ts3.6" "@types/which-pm-runs@ts3.6" "@types/wordwrap@ts3.6" "@types/wrap-ansi@ts3.6" "@types/ws@ts3.6" "@types/xtend@ts3.6" "@types/yallist@ts3.6" "@types/yargs@ts3.6" "@types/yauzl@ts3.6" "--save-dev" "--user-agent=typesInstaller/3.6.3"
378 verbose node v12.18.3
379 verbose npm  v6.14.6
380 error code ETARGET
381 error notarget No matching version found for @types/delegates@ts3.6.
382 error notarget In most cases you or one of your dependencies are requesting
382 error notarget a package version that doesn't exist.
383 verbose exit [ 1, true ]
